{"/home/travis/build/npmtest/node-npmtest-kappa/test.js":{"path":"/home/travis/build/npmtest/node-npmtest-kappa/test.js","s":{"1":2,"2":2,"3":2,"4":2,"5":2,"6":2,"7":2,"8":1,"9":2,"10":2,"11":1,"12":1,"13":1,"14":1,"15":2,"16":2,"17":2,"18":2,"19":1,"20":1,"21":2,"22":2,"23":2,"24":1,"25":1,"26":1,"27":1,"28":1,"29":1,"30":1,"31":1,"32":1,"33":1,"34":1,"35":1,"36":1,"37":1,"38":1,"39":2,"40":2,"41":1,"42":2,"43":2,"44":1,"45":2,"46":2,"47":1,"48":2,"49":2,"50":1,"51":1,"52":1,"53":1,"54":1},"b":{"1":[2,1,1,1],"2":[1,1,1,1],"3":[1,1],"4":[1,1],"5":[1,1],"6":[1,1],"7":[1,1],"8":[1,1],"9":[1,1],"10":[1,1,1],"11":[1,1],"12":[1,1],"13":[1,1],"14":[1,1],"15":[1,1],"16":[1,1],"17":[1,1]},"f":{"1":2,"2":2,"3":2,"4":2,"5":2,"6":1,"7":1,"8":1,"9":2,"10":2,"11":2,"12":2,"13":1},"fnMap":{"1":{"name":"(anonymous_1)","line":12,"loc":{"start":{"line":12,"column":1},"end":{"line":12,"column":13}}},"2":{"name":"(anonymous_2)","line":19,"loc":{"start":{"line":19,"column":5},"end":{"line":19,"column":17}}},"3":{"name":"(anonymous_3)","line":23,"loc":{"start":{"line":23,"column":24},"end":{"line":23,"column":36}}},"4":{"name":"(anonymous_4)","line":61,"loc":{"start":{"line":61,"column":5},"end":{"line":61,"column":17}}},"5":{"name":"(anonymous_5)","line":82,"loc":{"start":{"line":82,"column":5},"end":{"line":82,"column":17}}},"6":{"name":"(anonymous_6)","line":91,"loc":{"start":{"line":91,"column":77},"end":{"line":94,"column":10}}},"7":{"name":"(anonymous_7)","line":112,"loc":{"start":{"line":112,"column":83},"end":{"line":115,"column":10}},"skip":true},"8":{"name":"(anonymous_8)","line":123,"loc":{"start":{"line":123,"column":77},"end":{"line":126,"column":10}},"skip":true},"9":{"name":"(anonymous_9)","line":139,"loc":{"start":{"line":139,"column":12},"end":{"line":139,"column":40}},"skip":true},"10":{"name":"(anonymous_10)","line":147,"loc":{"start":{"line":147,"column":77},"end":{"line":150,"column":10}},"skip":true},"11":{"name":"(anonymous_11)","line":158,"loc":{"start":{"line":158,"column":83},"end":{"line":161,"column":10}},"skip":true},"12":{"name":"(anonymous_12)","line":169,"loc":{"start":{"line":169,"column":79},"end":{"line":172,"column":10}},"skip":true},"13":{"name":"(anonymous_13)","line":180,"loc":{"start":{"line":180,"column":75},"end":{"line":183,"column":10}},"skip":true}},"statementMap":{"1":{"start":{"line":12,"column":0},"end":{"line":195,"column":5}},"2":{"start":{"line":14,"column":4},"end":{"line":14,"column":14}},"3":{"start":{"line":19,"column":4},"end":{"line":56,"column":9}},"4":{"start":{"line":21,"column":8},"end":{"line":21,"column":19}},"5":{"start":{"line":23,"column":8},"end":{"line":35,"column":13}},"6":{"start":{"line":24,"column":12},"end":{"line":34,"column":13}},"7":{"start":{"line":25,"column":16},"end":{"line":28,"column":30}},"8":{"start":{"line":30,"column":16},"end":{"line":33,"column":27}},"9":{"start":{"line":37,"column":8},"end":{"line":39,"column":21}},"10":{"start":{"line":40,"column":8},"end":{"line":53,"column":9}},"11":{"start":{"line":43,"column":12},"end":{"line":46,"column":14}},"12":{"start":{"line":47,"column":12},"end":{"line":47,"column":18}},"13":{"start":{"line":50,"column":12},"end":{"line":51,"column":46}},"14":{"start":{"line":52,"column":12},"end":{"line":52,"column":18}},"15":{"start":{"line":55,"column":8},"end":{"line":55,"column":35}},"16":{"start":{"line":61,"column":4},"end":{"line":63,"column":9}},"17":{"start":{"line":62,"column":8},"end":{"line":62,"column":15}},"18":{"start":{"line":64,"column":4},"end":{"line":77,"column":5}},"19":{"start":{"line":70,"column":8},"end":{"line":70,"column":14}},"20":{"start":{"line":76,"column":8},"end":{"line":76,"column":14}},"21":{"start":{"line":82,"column":4},"end":{"line":84,"column":9}},"22":{"start":{"line":83,"column":8},"end":{"line":83,"column":15}},"23":{"start":{"line":85,"column":4},"end":{"line":194,"column":5}},"24":{"start":{"line":91,"column":8},"end":{"line":99,"column":10}},"25":{"start":{"line":98,"column":12},"end":{"line":98,"column":35}},"26":{"start":{"line":102,"column":8},"end":{"line":104,"column":63}},"27":{"start":{"line":105,"column":8},"end":{"line":105,"column":14}},"28":{"start":{"line":112,"column":8},"end":{"line":121,"column":10},"skip":true},"29":{"start":{"line":119,"column":12},"end":{"line":119,"column":55},"skip":true},"30":{"start":{"line":120,"column":12},"end":{"line":120,"column":48},"skip":true},"31":{"start":{"line":123,"column":8},"end":{"line":136,"column":10},"skip":true},"32":{"start":{"line":130,"column":12},"end":{"line":130,"column":76},"skip":true},"33":{"start":{"line":131,"column":12},"end":{"line":131,"column":73},"skip":true},"34":{"start":{"line":132,"column":12},"end":{"line":132,"column":74},"skip":true},"35":{"start":{"line":133,"column":12},"end":{"line":133,"column":79},"skip":true},"36":{"start":{"line":134,"column":12},"end":{"line":134,"column":25},"skip":true},"37":{"start":{"line":135,"column":12},"end":{"line":135,"column":45},"skip":true},"38":{"start":{"line":138,"column":8},"end":{"line":145,"column":14},"skip":true},"39":{"start":{"line":143,"column":16},"end":{"line":143,"column":29},"skip":true},"40":{"start":{"line":144,"column":16},"end":{"line":144,"column":55},"skip":true},"41":{"start":{"line":147,"column":8},"end":{"line":156,"column":10},"skip":true},"42":{"start":{"line":154,"column":12},"end":{"line":154,"column":25},"skip":true},"43":{"start":{"line":155,"column":12},"end":{"line":155,"column":45},"skip":true},"44":{"start":{"line":158,"column":8},"end":{"line":167,"column":10},"skip":true},"45":{"start":{"line":165,"column":12},"end":{"line":165,"column":25},"skip":true},"46":{"start":{"line":166,"column":12},"end":{"line":166,"column":48},"skip":true},"47":{"start":{"line":169,"column":8},"end":{"line":178,"column":10},"skip":true},"48":{"start":{"line":176,"column":12},"end":{"line":176,"column":25},"skip":true},"49":{"start":{"line":177,"column":12},"end":{"line":177,"column":46},"skip":true},"50":{"start":{"line":180,"column":8},"end":{"line":189,"column":10},"skip":true},"51":{"start":{"line":187,"column":12},"end":{"line":187,"column":94},"skip":true},"52":{"start":{"line":188,"column":12},"end":{"line":188,"column":48},"skip":true},"53":{"start":{"line":192,"column":8},"end":{"line":192,"column":35},"skip":true},"54":{"start":{"line":193,"column":8},"end":{"line":193,"column":14},"skip":true}},"branchMap":{"1":{"line":25,"type":"binary-expr","locations":[{"start":{"line":25,"column":23},"end":{"line":25,"column":62}},{"start":{"line":26,"column":20},"end":{"line":26,"column":70}},{"start":{"line":27,"column":20},"end":{"line":27,"column":71}},{"start":{"line":28,"column":20},"end":{"line":28,"column":29}}]},"2":{"line":30,"type":"binary-expr","locations":[{"start":{"line":30,"column":23},"end":{"line":30,"column":37}},{"start":{"line":31,"column":20},"end":{"line":31,"column":61}},{"start":{"line":32,"column":20},"end":{"line":32,"column":70}},{"start":{"line":33,"column":20},"end":{"line":33,"column":26}}]},"3":{"line":37,"type":"cond-expr","locations":[{"start":{"line":38,"column":14},"end":{"line":38,"column":20}},{"start":{"line":39,"column":14},"end":{"line":39,"column":20}}]},"4":{"line":40,"type":"switch","locations":[{"start":{"line":42,"column":8},"end":{"line":47,"column":18}},{"start":{"line":49,"column":8},"end":{"line":52,"column":18}}]},"5":{"line":44,"type":"binary-expr","locations":[{"start":{"line":44,"column":16},"end":{"line":44,"column":44}},{"start":{"line":44,"column":48},"end":{"line":44,"column":66}}]},"6":{"line":50,"type":"binary-expr","locations":[{"start":{"line":50,"column":21},"end":{"line":50,"column":49}},{"start":{"line":50,"column":53},"end":{"line":50,"column":72}}]},"7":{"line":64,"type":"switch","locations":[{"start":{"line":69,"column":4},"end":{"line":70,"column":14}},{"start":{"line":75,"column":4},"end":{"line":76,"column":14}}]},"8":{"line":85,"type":"switch","locations":[{"start":{"line":90,"column":4},"end":{"line":105,"column":14}},{"start":{"line":111,"column":4},"end":{"line":193,"column":14},"skip":true}]},"9":{"line":91,"type":"binary-expr","locations":[{"start":{"line":91,"column":42},"end":{"line":91,"column":73}},{"start":{"line":91,"column":77},"end":{"line":99,"column":9}}]},"10":{"line":102,"type":"binary-expr","locations":[{"start":{"line":102,"column":18},"end":{"line":102,"column":32}},{"start":{"line":103,"column":12},"end":{"line":103,"column":53}},{"start":{"line":104,"column":12},"end":{"line":104,"column":61}}]},"11":{"line":112,"type":"binary-expr","locations":[{"start":{"line":112,"column":45},"end":{"line":112,"column":79},"skip":true},{"start":{"line":112,"column":83},"end":{"line":121,"column":9},"skip":true}]},"12":{"line":123,"type":"binary-expr","locations":[{"start":{"line":123,"column":42},"end":{"line":123,"column":73},"skip":true},{"start":{"line":123,"column":77},"end":{"line":136,"column":9},"skip":true}]},"13":{"line":138,"type":"binary-expr","locations":[{"start":{"line":138,"column":48},"end":{"line":138,"column":85},"skip":true},{"start":{"line":139,"column":12},"end":{"line":145,"column":13},"skip":true}]},"14":{"line":147,"type":"binary-expr","locations":[{"start":{"line":147,"column":42},"end":{"line":147,"column":73},"skip":true},{"start":{"line":147,"column":77},"end":{"line":156,"column":9},"skip":true}]},"15":{"line":158,"type":"binary-expr","locations":[{"start":{"line":158,"column":45},"end":{"line":158,"column":79},"skip":true},{"start":{"line":158,"column":83},"end":{"line":167,"column":9},"skip":true}]},"16":{"line":169,"type":"binary-expr","locations":[{"start":{"line":169,"column":43},"end":{"line":169,"column":75},"skip":true},{"start":{"line":169,"column":79},"end":{"line":178,"column":9},"skip":true}]},"17":{"line":180,"type":"binary-expr","locations":[{"start":{"line":180,"column":41},"end":{"line":180,"column":71},"skip":true},{"start":{"line":180,"column":75},"end":{"line":189,"column":9},"skip":true}]}},"code":["/* istanbul instrument in package npmtest_kappa */","/*jslint","    bitwise: true,","    browser: true,","    maxerr: 8,","    maxlen: 96,","    node: true,","    nomen: true,","    regexp: true,","    stupid: true","*/","(function () {","    'use strict';","    var local;","","","","    // run shared js-env code - pre-init","    (function () {","        // init local","        local = {};","        // init modeJs","        local.modeJs = (function () {","            try {","                return typeof navigator.userAgent === 'string' &&","                    typeof document.querySelector('body') === 'object' &&","                    typeof XMLHttpRequest.prototype.open === 'function' &&","                    'browser';","            } catch (errorCaughtBrowser) {","                return module.exports &&","                    typeof process.versions.node === 'string' &&","                    typeof require('http').createServer === 'function' &&","                    'node';","            }","        }());","        // init global","        local.global = local.modeJs === 'browser'","            ? window","            : global;","        switch (local.modeJs) {","        // re-init local from window.local","        case 'browser':","            local = local.global.utility2.objectSetDefault(","                local.global.utility2_rollup || local.global.local,","                local.global.utility2","            );","            break;","        // re-init local from example.js","        case 'node':","            local = (local.global.utility2_rollup || require('utility2'))","                .requireExampleJsFromReadme();","            break;","        }","        // export local","        local.global.local = local;","    }());","","","","    // run shared js-env code - function","    (function () {","        return;","    }());","    switch (local.modeJs) {","","","","    // run browser js-env code - function","    case 'browser':","        break;","","","","    // run node js-env code - function","    case 'node':","        break;","    }","","","","    // run shared js-env code - post-init","    (function () {","        return;","    }());","    switch (local.modeJs) {","","","","    // run browser js-env code - post-init","    case 'browser':","        local.testCase_browser_nullCase = local.testCase_browser_nullCase || function (","            options,","            onError","        ) {","        /*","         * this function will test browsers's null-case handling-behavior-behavior","         */","            onError(null, options);","        };","","        // run tests","        local.nop(local.modeTest &&","            document.querySelector('#testRunButton1') &&","            document.querySelector('#testRunButton1').click());","        break;","","","","    // run node js-env code - post-init","    /* istanbul ignore next */","    case 'node':","        local.testCase_buildApidoc_default = local.testCase_buildApidoc_default || function (","            options,","            onError","        ) {","        /*","         * this function will test buildApidoc's default handling-behavior-behavior","         */","            options = { modulePathList: module.paths };","            local.buildApidoc(options, onError);","        };","","        local.testCase_buildApp_default = local.testCase_buildApp_default || function (","            options,","            onError","        ) {","        /*","         * this function will test buildApp's default handling-behavior-behavior","         */","            local.testCase_buildReadme_default(options, local.onErrorThrow);","            local.testCase_buildLib_default(options, local.onErrorThrow);","            local.testCase_buildTest_default(options, local.onErrorThrow);","            local.testCase_buildCustomOrg_default(options, local.onErrorThrow);","            options = [];","            local.buildApp(options, onError);","        };","","        local.testCase_buildCustomOrg_default = local.testCase_buildCustomOrg_default ||","            function (options, onError) {","            /*","             * this function will test buildCustomOrg's default handling-behavior","             */","                options = {};","                local.buildCustomOrg(options, onError);","            };","","        local.testCase_buildLib_default = local.testCase_buildLib_default || function (","            options,","            onError","        ) {","        /*","         * this function will test buildLib's default handling-behavior","         */","            options = {};","            local.buildLib(options, onError);","        };","","        local.testCase_buildReadme_default = local.testCase_buildReadme_default || function (","            options,","            onError","        ) {","        /*","         * this function will test buildReadme's default handling-behavior-behavior","         */","            options = {};","            local.buildReadme(options, onError);","        };","","        local.testCase_buildTest_default = local.testCase_buildTest_default || function (","            options,","            onError","        ) {","        /*","         * this function will test buildTest's default handling-behavior","         */","            options = {};","            local.buildTest(options, onError);","        };","","        local.testCase_webpage_default = local.testCase_webpage_default || function (","            options,","            onError","        ) {","        /*","         * this function will test webpage's default handling-behavior","         */","            options = { modeCoverageMerge: true, url: local.serverLocalHost + '?modeTest=1' };","            local.browserTest(options, onError);","        };","","        // run test-server","        local.testRunServer(local);","        break;","    }","}());",""],"l":{"12":2,"14":2,"19":2,"21":2,"23":2,"24":2,"25":2,"30":1,"37":2,"40":2,"43":1,"47":1,"50":1,"52":1,"55":2,"61":2,"62":2,"64":2,"70":1,"76":1,"82":2,"83":2,"85":2,"91":1,"98":1,"102":1,"105":1,"112":1,"119":1,"120":1,"123":1,"130":1,"131":1,"132":1,"133":1,"134":1,"135":1,"138":1,"143":2,"144":2,"147":1,"154":2,"155":2,"158":1,"165":2,"166":2,"169":1,"176":2,"177":2,"180":1,"187":1,"188":1,"192":1,"193":1}},"/home/travis/build/npmtest/node-npmtest-kappa/lib.npmtest_kappa.js":{"path":"/home/travis/build/npmtest/node-npmtest-kappa/lib.npmtest_kappa.js","s":{"1":2,"2":2,"3":2,"4":2,"5":2,"6":2,"7":2,"8":1,"9":2,"10":2,"11":2,"12":2,"13":1,"14":1,"15":1,"16":1},"b":{"1":[2,1,1,1],"2":[1,1,1,1],"3":[1,1],"4":[2,2],"5":[1,1]},"f":{"1":2,"2":2,"3":2},"fnMap":{"1":{"name":"(anonymous_1)","line":12,"loc":{"start":{"line":12,"column":1},"end":{"line":12,"column":13}}},"2":{"name":"(anonymous_2)","line":19,"loc":{"start":{"line":19,"column":5},"end":{"line":19,"column":17}}},"3":{"name":"(anonymous_3)","line":23,"loc":{"start":{"line":23,"column":24},"end":{"line":23,"column":36}}}},"statementMap":{"1":{"start":{"line":12,"column":0},"end":{"line":53,"column":5}},"2":{"start":{"line":14,"column":4},"end":{"line":14,"column":14}},"3":{"start":{"line":19,"column":4},"end":{"line":52,"column":9}},"4":{"start":{"line":21,"column":8},"end":{"line":21,"column":19}},"5":{"start":{"line":23,"column":8},"end":{"line":35,"column":13}},"6":{"start":{"line":24,"column":12},"end":{"line":34,"column":13}},"7":{"start":{"line":25,"column":16},"end":{"line":28,"column":30}},"8":{"start":{"line":30,"column":16},"end":{"line":33,"column":27}},"9":{"start":{"line":37,"column":8},"end":{"line":39,"column":21}},"10":{"start":{"line":41,"column":8},"end":{"line":41,"column":54}},"11":{"start":{"line":43,"column":8},"end":{"line":43,"column":50}},"12":{"start":{"line":45,"column":8},"end":{"line":51,"column":9}},"13":{"start":{"line":46,"column":12},"end":{"line":46,"column":56}},"14":{"start":{"line":48,"column":12},"end":{"line":48,"column":35}},"15":{"start":{"line":49,"column":12},"end":{"line":49,"column":49}},"16":{"start":{"line":50,"column":12},"end":{"line":50,"column":43}}},"branchMap":{"1":{"line":25,"type":"binary-expr","locations":[{"start":{"line":25,"column":23},"end":{"line":25,"column":62}},{"start":{"line":26,"column":20},"end":{"line":26,"column":70}},{"start":{"line":27,"column":20},"end":{"line":27,"column":71}},{"start":{"line":28,"column":20},"end":{"line":28,"column":29}}]},"2":{"line":30,"type":"binary-expr","locations":[{"start":{"line":30,"column":23},"end":{"line":30,"column":37}},{"start":{"line":31,"column":20},"end":{"line":31,"column":61}},{"start":{"line":32,"column":20},"end":{"line":32,"column":70}},{"start":{"line":33,"column":20},"end":{"line":33,"column":26}}]},"3":{"line":37,"type":"cond-expr","locations":[{"start":{"line":38,"column":14},"end":{"line":38,"column":20}},{"start":{"line":39,"column":14},"end":{"line":39,"column":20}}]},"4":{"line":41,"type":"binary-expr","locations":[{"start":{"line":41,"column":16},"end":{"line":41,"column":44}},{"start":{"line":41,"column":48},"end":{"line":41,"column":53}}]},"5":{"line":45,"type":"if","locations":[{"start":{"line":45,"column":8},"end":{"line":45,"column":8}},{"start":{"line":45,"column":8},"end":{"line":45,"column":8}}]}},"code":["/* istanbul instrument in package npmtest_kappa */","/*jslint","    bitwise: true,","    browser: true,","    maxerr: 8,","    maxlen: 96,","    node: true,","    nomen: true,","    regexp: true,","    stupid: true","*/","(function () {","    'use strict';","    var local;","","","","    // run shared js-env code - pre-init","    (function () {","        // init local","        local = {};","        // init modeJs","        local.modeJs = (function () {","            try {","                return typeof navigator.userAgent === 'string' &&","                    typeof document.querySelector('body') === 'object' &&","                    typeof XMLHttpRequest.prototype.open === 'function' &&","                    'browser';","            } catch (errorCaughtBrowser) {","                return module.exports &&","                    typeof process.versions.node === 'string' &&","                    typeof require('http').createServer === 'function' &&","                    'node';","            }","        }());","        // init global","        local.global = local.modeJs === 'browser'","            ? window","            : global;","        // init utility2_rollup","        local = local.global.utility2_rollup || local;","        // init lib","        local.local = local.npmtest_kappa = local;","        // init exports","        if (local.modeJs === 'browser') {","            local.global.utility2_npmtest_kappa = local;","        } else {","            module.exports = local;","            module.exports.__dirname = __dirname;","            module.exports.module = module;","        }","    }());","}());",""],"l":{"12":2,"14":2,"19":2,"21":2,"23":2,"24":2,"25":2,"30":1,"37":2,"41":2,"43":2,"45":2,"46":1,"48":1,"49":1,"50":1}},"/home/travis/build/npmtest/node-npmtest-kappa/example.js":{"path":"/home/travis/build/npmtest/node-npmtest-kappa/example.js","s":{"1":2,"2":2,"3":2,"4":2,"5":2,"6":2,"7":2,"8":1,"9":2,"10":2,"11":2,"12":2,"13":1,"14":2,"15":2,"16":2,"17":2,"18":2,"19":0,"20":2,"21":1,"22":1,"23":1,"24":1,"25":1,"26":0,"27":0,"28":1,"29":1,"30":2,"31":0,"32":0,"33":0,"34":1,"35":2,"36":2,"37":3,"38":3,"39":3,"40":3,"41":0,"42":3,"43":3,"44":3,"45":1,"46":3,"47":1,"48":1,"49":1,"50":1,"51":1,"52":1,"53":1,"54":1,"55":1,"56":1,"57":0,"58":1,"59":6,"60":6,"61":1,"62":2,"63":0,"64":2,"65":1,"66":1,"67":0,"68":0,"69":0,"70":0,"71":0,"72":0,"73":0,"74":0,"75":0,"76":0,"77":0,"78":0,"79":0,"80":0,"81":0,"82":0,"83":0},"b":{"1":[2,1,1,1],"2":[1,1,1,1],"3":[1,1],"4":[2,2],"5":[1,1],"6":[1,1],"7":[2,0],"8":[2,1,1,1,1,1],"9":[0,2,0],"10":[1,1],"11":[2,1,1],"12":[1,0],"13":[0,2],"14":[2,0,0,0,0,0,0],"15":[0,3],"16":[3,0],"17":[1,1],"18":[0,1],"19":[1,2,0,2],"20":[1,0],"21":[1,1],"22":[0,0],"23":[0,0],"24":[0,0],"25":[0,0],"26":[0,0],"27":[0,0],"28":[0,0]},"f":{"1":2,"2":2,"3":2,"4":2,"5":2,"6":2,"7":3,"8":3,"9":3,"10":1,"11":6,"12":0},"fnMap":{"1":{"name":"(anonymous_1)","line":26,"loc":{"start":{"line":26,"column":1},"end":{"line":26,"column":13}}},"2":{"name":"(anonymous_2)","line":33,"loc":{"start":{"line":33,"column":5},"end":{"line":33,"column":17}}},"3":{"name":"(anonymous_3)","line":37,"loc":{"start":{"line":37,"column":24},"end":{"line":37,"column":36}}},"4":{"name":"(anonymous_4)","line":69,"loc":{"start":{"line":69,"column":31},"end":{"line":69,"column":48}},"skip":true},"5":{"name":"(anonymous_5)","line":78,"loc":{"start":{"line":78,"column":26},"end":{"line":78,"column":45}},"skip":true},"6":{"name":"(anonymous_6)","line":123,"loc":{"start":{"line":123,"column":33},"end":{"line":123,"column":48}},"skip":true},"7":{"name":"(anonymous_7)","line":125,"loc":{"start":{"line":125,"column":27},"end":{"line":125,"column":39}},"skip":true},"8":{"name":"(anonymous_8)","line":133,"loc":{"start":{"line":133,"column":59},"end":{"line":133,"column":74}},"skip":true},"9":{"name":"(anonymous_9)","line":143,"loc":{"start":{"line":143,"column":45},"end":{"line":143,"column":62}},"skip":true},"10":{"name":"(anonymous_10)","line":144,"loc":{"start":{"line":144,"column":73},"end":{"line":144,"column":92}},"skip":true},"11":{"name":"(anonymous_11)","line":272,"loc":{"start":{"line":272,"column":51},"end":{"line":272,"column":77}},"skip":true},"12":{"name":"(anonymous_12)","line":315,"loc":{"start":{"line":315,"column":32},"end":{"line":315,"column":61}},"skip":true}},"statementMap":{"1":{"start":{"line":26,"column":0},"end":{"line":326,"column":5}},"2":{"start":{"line":28,"column":4},"end":{"line":28,"column":14}},"3":{"start":{"line":33,"column":4},"end":{"line":60,"column":9}},"4":{"start":{"line":35,"column":8},"end":{"line":35,"column":19}},"5":{"start":{"line":37,"column":8},"end":{"line":49,"column":13}},"6":{"start":{"line":38,"column":12},"end":{"line":48,"column":13}},"7":{"start":{"line":39,"column":16},"end":{"line":42,"column":30}},"8":{"start":{"line":44,"column":16},"end":{"line":47,"column":27}},"9":{"start":{"line":51,"column":8},"end":{"line":53,"column":21}},"10":{"start":{"line":55,"column":8},"end":{"line":57,"column":45}},"11":{"start":{"line":59,"column":8},"end":{"line":59,"column":35}},"12":{"start":{"line":61,"column":4},"end":{"line":325,"column":5}},"13":{"start":{"line":69,"column":8},"end":{"line":121,"column":10},"skip":true},"14":{"start":{"line":70,"column":12},"end":{"line":88,"column":13},"skip":true},"15":{"start":{"line":76,"column":16},"end":{"line":87,"column":19},"skip":true},"16":{"start":{"line":79,"column":20},"end":{"line":86,"column":21},"skip":true},"17":{"start":{"line":82,"column":24},"end":{"line":82,"column":43},"skip":true},"18":{"start":{"line":83,"column":24},"end":{"line":83,"column":30},"skip":true},"19":{"start":{"line":85,"column":24},"end":{"line":85,"column":49},"skip":true},"20":{"start":{"line":89,"column":12},"end":{"line":107,"column":13},"skip":true},"21":{"start":{"line":92,"column":16},"end":{"line":102,"column":17},"skip":true},"22":{"start":{"line":93,"column":20},"end":{"line":93,"column":86},"skip":true},"23":{"start":{"line":94,"column":20},"end":{"line":95,"column":45},"skip":true},"24":{"start":{"line":96,"column":20},"end":{"line":96,"column":42},"skip":true},"25":{"start":{"line":97,"column":20},"end":{"line":97,"column":48},"skip":true},"26":{"start":{"line":100,"column":20},"end":{"line":100,"column":85},"skip":true},"27":{"start":{"line":101,"column":20},"end":{"line":101,"column":96},"skip":true},"28":{"start":{"line":103,"column":16},"end":{"line":103,"column":22},"skip":true},"29":{"start":{"line":106,"column":16},"end":{"line":106,"column":22},"skip":true},"30":{"start":{"line":108,"column":12},"end":{"line":120,"column":13},"skip":true},"31":{"start":{"line":114,"column":16},"end":{"line":119,"column":17},"skip":true},"32":{"start":{"line":116,"column":20},"end":{"line":116,"column":78},"skip":true},"33":{"start":{"line":118,"column":20},"end":{"line":118,"column":47},"skip":true},"34":{"start":{"line":123,"column":8},"end":{"line":141,"column":11},"skip":true},"35":{"start":{"line":124,"column":12},"end":{"line":124,"column":54},"skip":true},"36":{"start":{"line":125,"column":12},"end":{"line":140,"column":14},"skip":true},"37":{"start":{"line":126,"column":16},"end":{"line":126,"column":28},"skip":true},"38":{"start":{"line":127,"column":16},"end":{"line":127,"column":69},"skip":true},"39":{"start":{"line":128,"column":16},"end":{"line":128,"column":75},"skip":true},"40":{"start":{"line":129,"column":16},"end":{"line":131,"column":17},"skip":true},"41":{"start":{"line":130,"column":20},"end":{"line":130,"column":27},"skip":true},"42":{"start":{"line":133,"column":16},"end":{"line":137,"column":36},"skip":true},"43":{"start":{"line":134,"column":20},"end":{"line":136,"column":55},"skip":true},"44":{"start":{"line":139,"column":16},"end":{"line":139,"column":57},"skip":true},"45":{"start":{"line":143,"column":8},"end":{"line":147,"column":11},"skip":true},"46":{"start":{"line":144,"column":12},"end":{"line":146,"column":15},"skip":true},"47":{"start":{"line":145,"column":16},"end":{"line":145,"column":70},"skip":true},"48":{"start":{"line":149,"column":8},"end":{"line":149,"column":31},"skip":true},"49":{"start":{"line":150,"column":8},"end":{"line":150,"column":14},"skip":true},"50":{"start":{"line":158,"column":8},"end":{"line":158,"column":31},"skip":true},"51":{"start":{"line":160,"column":8},"end":{"line":160,"column":33},"skip":true},"52":{"start":{"line":161,"column":8},"end":{"line":161,"column":37},"skip":true},"53":{"start":{"line":162,"column":8},"end":{"line":162,"column":35},"skip":true},"54":{"start":{"line":164,"column":8},"end":{"line":164,"column":50},"skip":true},"55":{"start":{"line":166,"column":8},"end":{"line":256,"column":2},"skip":true},"56":{"start":{"line":258,"column":8},"end":{"line":286,"column":9},"skip":true},"57":{"start":{"line":259,"column":12},"end":{"line":269,"column":14},"skip":true},"58":{"start":{"line":271,"column":12},"end":{"line":285,"column":19},"skip":true},"59":{"start":{"line":274,"column":20},"end":{"line":274,"column":35},"skip":true},"60":{"start":{"line":275,"column":20},"end":{"line":284,"column":21},"skip":true},"61":{"start":{"line":277,"column":24},"end":{"line":277,"column":64},"skip":true},"62":{"start":{"line":279,"column":24},"end":{"line":279,"column":40},"skip":true},"63":{"start":{"line":281,"column":24},"end":{"line":281,"column":40},"skip":true},"64":{"start":{"line":283,"column":24},"end":{"line":283,"column":39},"skip":true},"65":{"start":{"line":288,"column":8},"end":{"line":290,"column":9},"skip":true},"66":{"start":{"line":289,"column":12},"end":{"line":289,"column":18},"skip":true},"67":{"start":{"line":291,"column":8},"end":{"line":293,"column":54},"skip":true},"68":{"start":{"line":296,"column":8},"end":{"line":301,"column":37},"skip":true},"69":{"start":{"line":303,"column":8},"end":{"line":303,"column":82},"skip":true},"70":{"start":{"line":306,"column":8},"end":{"line":308,"column":9},"skip":true},"71":{"start":{"line":307,"column":12},"end":{"line":307,"column":82},"skip":true},"72":{"start":{"line":310,"column":8},"end":{"line":312,"column":9},"skip":true},"73":{"start":{"line":311,"column":12},"end":{"line":311,"column":18},"skip":true},"74":{"start":{"line":313,"column":8},"end":{"line":313,"column":54},"skip":true},"75":{"start":{"line":314,"column":8},"end":{"line":314,"column":69},"skip":true},"76":{"start":{"line":315,"column":8},"end":{"line":323,"column":36},"skip":true},"77":{"start":{"line":316,"column":12},"end":{"line":316,"column":61},"skip":true},"78":{"start":{"line":317,"column":12},"end":{"line":320,"column":13},"skip":true},"79":{"start":{"line":318,"column":16},"end":{"line":318,"column":75},"skip":true},"80":{"start":{"line":319,"column":16},"end":{"line":319,"column":23},"skip":true},"81":{"start":{"line":321,"column":12},"end":{"line":321,"column":38},"skip":true},"82":{"start":{"line":322,"column":12},"end":{"line":322,"column":27},"skip":true},"83":{"start":{"line":324,"column":8},"end":{"line":324,"column":14},"skip":true}},"branchMap":{"1":{"line":39,"type":"binary-expr","locations":[{"start":{"line":39,"column":23},"end":{"line":39,"column":62}},{"start":{"line":40,"column":20},"end":{"line":40,"column":70}},{"start":{"line":41,"column":20},"end":{"line":41,"column":71}},{"start":{"line":42,"column":20},"end":{"line":42,"column":29}}]},"2":{"line":44,"type":"binary-expr","locations":[{"start":{"line":44,"column":23},"end":{"line":44,"column":37}},{"start":{"line":45,"column":20},"end":{"line":45,"column":61}},{"start":{"line":46,"column":20},"end":{"line":46,"column":70}},{"start":{"line":47,"column":20},"end":{"line":47,"column":26}}]},"3":{"line":51,"type":"cond-expr","locations":[{"start":{"line":52,"column":14},"end":{"line":52,"column":20}},{"start":{"line":53,"column":14},"end":{"line":53,"column":20}}]},"4":{"line":55,"type":"binary-expr","locations":[{"start":{"line":55,"column":16},"end":{"line":55,"column":44}},{"start":{"line":55,"column":49},"end":{"line":57,"column":43}}]},"5":{"line":55,"type":"cond-expr","locations":[{"start":{"line":56,"column":14},"end":{"line":56,"column":49}},{"start":{"line":57,"column":14},"end":{"line":57,"column":43}}]},"6":{"line":61,"type":"switch","locations":[{"start":{"line":68,"column":4},"end":{"line":150,"column":14},"skip":true},{"start":{"line":156,"column":4},"end":{"line":324,"column":14},"skip":true}]},"7":{"line":70,"type":"if","locations":[{"start":{"line":70,"column":12},"end":{"line":70,"column":12},"skip":true},{"start":{"line":70,"column":12},"end":{"line":70,"column":12},"skip":true}]},"8":{"line":70,"type":"binary-expr","locations":[{"start":{"line":70,"column":16},"end":{"line":70,"column":22},"skip":true},{"start":{"line":70,"column":27},"end":{"line":70,"column":32},"skip":true},{"start":{"line":71,"column":20},"end":{"line":71,"column":39},"skip":true},{"start":{"line":72,"column":20},"end":{"line":72,"column":49},"skip":true},{"start":{"line":73,"column":20},"end":{"line":73,"column":58},"skip":true},{"start":{"line":74,"column":20},"end":{"line":74,"column":69},"skip":true}]},"9":{"line":79,"type":"switch","locations":[{"start":{"line":80,"column":20},"end":{"line":80,"column":33},"skip":true},{"start":{"line":81,"column":20},"end":{"line":83,"column":30},"skip":true},{"start":{"line":84,"column":20},"end":{"line":85,"column":49},"skip":true}]},"10":{"line":89,"type":"switch","locations":[{"start":{"line":90,"column":12},"end":{"line":103,"column":22},"skip":true},{"start":{"line":105,"column":12},"end":{"line":106,"column":22},"skip":true}]},"11":{"line":89,"type":"binary-expr","locations":[{"start":{"line":89,"column":20},"end":{"line":89,"column":25},"skip":true},{"start":{"line":89,"column":29},"end":{"line":89,"column":48},"skip":true},{"start":{"line":89,"column":52},"end":{"line":89,"column":74},"skip":true}]},"12":{"line":92,"type":"if","locations":[{"start":{"line":92,"column":16},"end":{"line":92,"column":16},"skip":true},{"start":{"line":92,"column":16},"end":{"line":92,"column":16},"skip":true}]},"13":{"line":108,"type":"if","locations":[{"start":{"line":108,"column":12},"end":{"line":108,"column":12},"skip":true},{"start":{"line":108,"column":12},"end":{"line":108,"column":12},"skip":true}]},"14":{"line":108,"type":"binary-expr","locations":[{"start":{"line":108,"column":16},"end":{"line":108,"column":61},"skip":true},{"start":{"line":108,"column":66},"end":{"line":108,"column":72},"skip":true},{"start":{"line":108,"column":77},"end":{"line":108,"column":82},"skip":true},{"start":{"line":109,"column":20},"end":{"line":109,"column":39},"skip":true},{"start":{"line":110,"column":20},"end":{"line":110,"column":49},"skip":true},{"start":{"line":111,"column":20},"end":{"line":111,"column":58},"skip":true},{"start":{"line":112,"column":20},"end":{"line":112,"column":68},"skip":true}]},"15":{"line":129,"type":"if","locations":[{"start":{"line":129,"column":16},"end":{"line":129,"column":16},"skip":true},{"start":{"line":129,"column":16},"end":{"line":129,"column":16},"skip":true}]},"16":{"line":134,"type":"cond-expr","locations":[{"start":{"line":135,"column":26},"end":{"line":135,"column":29},"skip":true},{"start":{"line":136,"column":26},"end":{"line":136,"column":54},"skip":true}]},"17":{"line":164,"type":"binary-expr","locations":[{"start":{"line":164,"column":27},"end":{"line":164,"column":43},"skip":true},{"start":{"line":164,"column":47},"end":{"line":164,"column":49},"skip":true}]},"18":{"line":258,"type":"if","locations":[{"start":{"line":258,"column":8},"end":{"line":258,"column":8},"skip":true},{"start":{"line":258,"column":8},"end":{"line":258,"column":8},"skip":true}]},"19":{"line":275,"type":"switch","locations":[{"start":{"line":276,"column":20},"end":{"line":277,"column":64},"skip":true},{"start":{"line":278,"column":20},"end":{"line":279,"column":40},"skip":true},{"start":{"line":280,"column":20},"end":{"line":281,"column":40},"skip":true},{"start":{"line":282,"column":20},"end":{"line":283,"column":39},"skip":true}]},"20":{"line":288,"type":"if","locations":[{"start":{"line":288,"column":8},"end":{"line":288,"column":8},"skip":true},{"start":{"line":288,"column":8},"end":{"line":288,"column":8},"skip":true}]},"21":{"line":288,"type":"binary-expr","locations":[{"start":{"line":288,"column":12},"end":{"line":288,"column":40},"skip":true},{"start":{"line":288,"column":44},"end":{"line":288,"column":67},"skip":true}]},"22":{"line":292,"type":"binary-expr","locations":[{"start":{"line":292,"column":12},"end":{"line":292,"column":50},"skip":true},{"start":{"line":293,"column":12},"end":{"line":293,"column":53},"skip":true}]},"23":{"line":297,"type":"binary-expr","locations":[{"start":{"line":297,"column":12},"end":{"line":297,"column":63},"skip":true},{"start":{"line":298,"column":12},"end":{"line":301,"column":36},"skip":true}]},"24":{"line":303,"type":"binary-expr","locations":[{"start":{"line":303,"column":43},"end":{"line":303,"column":75},"skip":true},{"start":{"line":303,"column":79},"end":{"line":303,"column":81},"skip":true}]},"25":{"line":306,"type":"if","locations":[{"start":{"line":306,"column":8},"end":{"line":306,"column":8},"skip":true},{"start":{"line":306,"column":8},"end":{"line":306,"column":8},"skip":true}]},"26":{"line":310,"type":"if","locations":[{"start":{"line":310,"column":8},"end":{"line":310,"column":8},"skip":true},{"start":{"line":310,"column":8},"end":{"line":310,"column":8},"skip":true}]},"27":{"line":313,"type":"binary-expr","locations":[{"start":{"line":313,"column":27},"end":{"line":313,"column":43},"skip":true},{"start":{"line":313,"column":47},"end":{"line":313,"column":53},"skip":true}]},"28":{"line":317,"type":"if","locations":[{"start":{"line":317,"column":12},"end":{"line":317,"column":12},"skip":true},{"start":{"line":317,"column":12},"end":{"line":317,"column":12},"skip":true}]}},"code":["/*","example.js","","quickstart example","","instruction","    1. save this script as example.js","    2. run the shell command:","        $ npm install npmtest-kappa && PORT=8081 node example.js","    3. play with the browser-demo on http://127.0.0.1:8081","*/","","","","/* istanbul instrument in package npmtest_kappa */","/*jslint","    bitwise: true,","    browser: true,","    maxerr: 8,","    maxlen: 96,","    node: true,","    nomen: true,","    regexp: true,","    stupid: true","*/","(function () {","    'use strict';","    var local;","","","","    // run shared js-env code - pre-init","    (function () {","        // init local","        local = {};","        // init modeJs","        local.modeJs = (function () {","            try {","                return typeof navigator.userAgent === 'string' &&","                    typeof document.querySelector('body') === 'object' &&","                    typeof XMLHttpRequest.prototype.open === 'function' &&","                    'browser';","            } catch (errorCaughtBrowser) {","                return module.exports &&","                    typeof process.versions.node === 'string' &&","                    typeof require('http').createServer === 'function' &&","                    'node';","            }","        }());","        // init global","        local.global = local.modeJs === 'browser'","            ? window","            : global;","        // init utility2_rollup","        local = local.global.utility2_rollup || (local.modeJs === 'browser'","            ? local.global.utility2_npmtest_kappa","            : global.utility2_moduleExports);","        // export local","        local.global.local = local;","    }());","    switch (local.modeJs) {","","","","    // post-init","    // run browser js-env code - post-init","    /* istanbul ignore next */","    case 'browser':","        local.testRunBrowser = function (event) {","            if (!event || (event &&","                    event.currentTarget &&","                    event.currentTarget.className &&","                    event.currentTarget.className.includes &&","                    event.currentTarget.className.includes('onreset'))) {","                // reset output","                Array.from(","                    document.querySelectorAll('body > .resettable')","                ).forEach(function (element) {","                    switch (element.tagName) {","                    case 'INPUT':","                    case 'TEXTAREA':","                        element.value = '';","                        break;","                    default:","                        element.textContent = '';","                    }","                });","            }","            switch (event && event.currentTarget && event.currentTarget.id) {","            case 'testRunButton1':","                // show tests","                if (document.querySelector('#testReportDiv1').style.display === 'none') {","                    document.querySelector('#testReportDiv1').style.display = 'block';","                    document.querySelector('#testRunButton1').textContent =","                        'hide internal test';","                    local.modeTest = true;","                    local.testRunDefault(local);","                // hide tests","                } else {","                    document.querySelector('#testReportDiv1').style.display = 'none';","                    document.querySelector('#testRunButton1').textContent = 'run internal test';","                }","                break;","            // custom-case","            default:","                break;","            }","            if (document.querySelector('#inputTextareaEval1') && (!event || (event &&","                    event.currentTarget &&","                    event.currentTarget.className &&","                    event.currentTarget.className.includes &&","                    event.currentTarget.className.includes('oneval')))) {","                // try to eval input-code","                try {","                    /*jslint evil: true*/","                    eval(document.querySelector('#inputTextareaEval1').value);","                } catch (errorCaught) {","                    console.error(errorCaught);","                }","            }","        };","        // log stderr and stdout to #outputTextareaStdout1","        ['error', 'log'].forEach(function (key) {","            console[key + '_original'] = console[key];","            console[key] = function () {","                var element;","                console[key + '_original'].apply(console, arguments);","                element = document.querySelector('#outputTextareaStdout1');","                if (!element) {","                    return;","                }","                // append text to #outputTextareaStdout1","                element.value += Array.from(arguments).map(function (arg) {","                    return typeof arg === 'string'","                        ? arg","                        : JSON.stringify(arg, null, 4);","                }).join(' ') + '\\n';","                // scroll textarea to bottom","                element.scrollTop = element.scrollHeight;","            };","        });","        // init event-handling","        ['change', 'click', 'keyup'].forEach(function (event) {","            Array.from(document.querySelectorAll('.on' + event)).forEach(function (element) {","                element.addEventListener(event, local.testRunBrowser);","            });","        });","        // run tests","        local.testRunBrowser();","        break;","","","","    // run node js-env code - post-init","    /* istanbul ignore next */","    case 'node':","        // export local","        module.exports = local;","        // require modules","        local.fs = require('fs');","        local.http = require('http');","        local.url = require('url');","        // init assets","        local.assetsDict = local.assetsDict || {};","        /* jslint-ignore-begin */","        local.assetsDict['/assets.index.template.html'] = '\\","<!doctype html>\\n\\","<html lang=\"en\">\\n\\","<head>\\n\\","<meta charset=\"UTF-8\">\\n\\","<meta name=\"viewport\" content=\"width=device-width, initial-scale=1\">\\n\\","<title>{{env.npm_package_name}} (v{{env.npm_package_version}})</title>\\n\\","<style>\\n\\","/*csslint\\n\\","    box-sizing: false,\\n\\","    universal-selector: false\\n\\","*/\\n\\","* {\\n\\","    box-sizing: border-box;\\n\\","}\\n\\","body {\\n\\","    background: #dde;\\n\\","    font-family: Arial, Helvetica, sans-serif;\\n\\","    margin: 2rem;\\n\\","}\\n\\","body > * {\\n\\","    margin-bottom: 1rem;\\n\\","}\\n\\",".utility2FooterDiv {\\n\\","    margin-top: 20px;\\n\\","    text-align: center;\\n\\","}\\n\\","</style>\\n\\","<style>\\n\\","/*csslint\\n\\","*/\\n\\","textarea {\\n\\","    font-family: monospace;\\n\\","    height: 10rem;\\n\\","    width: 100%;\\n\\","}\\n\\","textarea[readonly] {\\n\\","    background: #ddd;\\n\\","}\\n\\","</style>\\n\\","</head>\\n\\","<body>\\n\\","<!-- utility2-comment\\n\\","<div id=\"ajaxProgressDiv1\" style=\"background: #d00; height: 2px; left: 0; margin: 0; padding: 0; position: fixed; top: 0; transition: background 0.5s, width 1.5s; width: 25%;\"></div>\\n\\","utility2-comment -->\\n\\","<h1>\\n\\","<!-- utility2-comment\\n\\","    <a\\n\\","        {{#if env.npm_package_homepage}}\\n\\","        href=\"{{env.npm_package_homepage}}\"\\n\\","        {{/if env.npm_package_homepage}}\\n\\","        target=\"_blank\"\\n\\","    >\\n\\","utility2-comment -->\\n\\","        {{env.npm_package_name}} (v{{env.npm_package_version}})\\n\\","<!-- utility2-comment\\n\\","    </a>\\n\\","utility2-comment -->\\n\\","</h1>\\n\\","<h3>{{env.npm_package_description}}</h3>\\n\\","<!-- utility2-comment\\n\\","<h4><a download href=\"assets.app.js\">download standalone app</a></h4>\\n\\","<button class=\"onclick onreset\" id=\"testRunButton1\">run internal test</button><br>\\n\\","<div id=\"testReportDiv1\" style=\"display: none;\"></div>\\n\\","utility2-comment -->\\n\\","\\n\\","\\n\\","\\n\\","<label>stderr and stdout</label>\\n\\","<textarea class=\"resettable\" id=\"outputTextareaStdout1\" readonly></textarea>\\n\\","<!-- utility2-comment\\n\\","{{#if isRollup}}\\n\\","<script src=\"assets.app.js\"></script>\\n\\","{{#unless isRollup}}\\n\\","utility2-comment -->\\n\\","<script src=\"assets.utility2.rollup.js\"></script>\\n\\","<script src=\"jsonp.utility2._stateInit?callback=window.utility2._stateInit\"></script>\\n\\","<script src=\"assets.npmtest_kappa.rollup.js\"></script>\\n\\","<script src=\"assets.example.js\"></script>\\n\\","<script src=\"assets.test.js\"></script>\\n\\","<!-- utility2-comment\\n\\","{{/if isRollup}}\\n\\","utility2-comment -->\\n\\","<div class=\"utility2FooterDiv\">\\n\\","    [ this app was created with\\n\\","    <a href=\"https://github.com/kaizhu256/node-utility2\" target=\"_blank\">utility2</a>\\n\\","    ]\\n\\","</div>\\n\\","</body>\\n\\","</html>\\n\\","';","        /* jslint-ignore-end */","        if (local.templateRender) {","            local.assetsDict['/'] = local.templateRender(","                local.assetsDict['/assets.index.template.html'],","                {","                    env: local.objectSetDefault(local.env, {","                        npm_package_description: 'the greatest app in the world!',","                        npm_package_name: 'my-app',","                        npm_package_nameAlias: 'my_app',","                        npm_package_version: '0.0.1'","                    })","                }","            );","        } else {","            local.assetsDict['/'] = local.assetsDict['/assets.index.template.html']","                .replace((/\\{\\{env\\.(\\w+?)\\}\\}/g), function (match0, match1) {","                    // jslint-hack","                    String(match0);","                    switch (match1) {","                    case 'npm_package_description':","                        return 'the greatest app in the world!';","                    case 'npm_package_name':","                        return 'my-app';","                    case 'npm_package_nameAlias':","                        return 'my_app';","                    case 'npm_package_version':","                        return '0.0.1';","                    }","                });","        }","        // run the cli","        if (local.global.utility2_rollup || module !== require.main) {","            break;","        }","        local.assetsDict['/assets.example.js'] =","            local.assetsDict['/assets.example.js'] ||","            local.fs.readFileSync(__filename, 'utf8');","        // bug-workaround - long $npm_package_buildCustomOrg","        /* jslint-ignore-begin */","        local.assetsDict['/assets.npmtest_kappa.rollup.js'] =","            local.assetsDict['/assets.npmtest_kappa.rollup.js'] ||","            local.fs.readFileSync(","                local.npmtest_kappa.__dirname + '/lib.npmtest_kappa.js',","                'utf8'","            ).replace((/^#!/), '//');","        /* jslint-ignore-end */","        local.assetsDict['/favicon.ico'] = local.assetsDict['/favicon.ico'] || '';","        // if $npm_config_timeout_exit exists,","        // then exit this process after $npm_config_timeout_exit ms","        if (Number(process.env.npm_config_timeout_exit)) {","            setTimeout(process.exit, Number(process.env.npm_config_timeout_exit));","        }","        // start server","        if (local.global.utility2_serverHttp1) {","            break;","        }","        process.env.PORT = process.env.PORT || '8081';","        console.error('server starting on port ' + process.env.PORT);","        local.http.createServer(function (request, response) {","            request.urlParsed = local.url.parse(request.url);","            if (local.assetsDict[request.urlParsed.pathname] !== undefined) {","                response.end(local.assetsDict[request.urlParsed.pathname]);","                return;","            }","            response.statusCode = 404;","            response.end();","        }).listen(process.env.PORT);","        break;","    }","}());",""],"l":{"26":2,"28":2,"33":2,"35":2,"37":2,"38":2,"39":2,"44":1,"51":2,"55":2,"59":2,"61":2,"69":1,"70":2,"76":2,"79":2,"82":2,"83":2,"85":1,"89":2,"92":1,"93":1,"94":1,"96":1,"97":1,"100":1,"101":1,"103":1,"106":1,"108":2,"114":1,"116":1,"118":1,"123":1,"124":2,"125":2,"126":3,"127":3,"128":3,"129":3,"130":1,"133":3,"134":3,"139":3,"143":1,"144":3,"145":1,"149":1,"150":1,"158":1,"160":1,"161":1,"162":1,"164":1,"166":1,"258":1,"259":1,"271":1,"274":6,"275":6,"277":1,"279":2,"281":1,"283":2,"288":1,"289":1,"291":1,"296":1,"303":1,"306":1,"307":1,"310":1,"311":1,"313":1,"314":1,"315":1,"316":1,"317":1,"318":1,"319":1,"321":1,"322":1,"324":1}},"/home/travis/build/npmtest/node-npmtest-kappa/node_modules/kappa/index.js":{"path":"/home/travis/build/npmtest/node-npmtest-kappa/node_modules/kappa/index.js","s":{"1":2,"2":2,"3":2,"4":2,"5":2,"6":0,"7":0,"8":0,"9":0,"10":0,"11":0,"12":0,"13":0,"14":0,"15":0,"16":0,"17":0,"18":0,"19":0,"20":0,"21":0,"22":0,"23":0,"24":0,"25":0,"26":0,"27":0,"28":0,"29":0,"30":0,"31":0,"32":0,"33":0,"34":0,"35":0,"36":0,"37":0,"38":0,"39":0,"40":0,"41":0,"42":0,"43":0,"44":0,"45":0,"46":0,"47":0,"48":0,"49":0,"50":0,"51":0,"52":0,"53":0,"54":0,"55":0},"b":{"1":[0,0],"2":[0,0],"3":[0,0],"4":[0,0],"5":[0,0],"6":[0,0],"7":[0,0],"8":[0,0]},"f":{"1":0,"2":0,"3":0,"4":0,"5":0,"6":0},"fnMap":{"1":{"name":"register","line":29,"loc":{"start":{"line":29,"column":19},"end":{"line":29,"column":60}}},"2":{"name":"(anonymous_2)","line":33,"loc":{"start":{"line":33,"column":40},"end":{"line":33,"column":56}}},"3":{"name":"forbidden","line":155,"loc":{"start":{"line":155,"column":21},"end":{"line":155,"column":52}}},"4":{"name":"(anonymous_4)","line":171,"loc":{"start":{"line":171,"column":28},"end":{"line":171,"column":53}}},"5":{"name":"(anonymous_5)","line":181,"loc":{"start":{"line":181,"column":36},"end":{"line":181,"column":61}}},"6":{"name":"(anonymous_6)","line":197,"loc":{"start":{"line":197,"column":32},"end":{"line":197,"column":57}}}},"statementMap":{"1":{"start":{"line":20,"column":0},"end":{"line":20,"column":25}},"2":{"start":{"line":21,"column":0},"end":{"line":21,"column":27}},"3":{"start":{"line":22,"column":0},"end":{"line":22,"column":31}},"4":{"start":{"line":23,"column":0},"end":{"line":23,"column":33}},"5":{"start":{"line":24,"column":0},"end":{"line":24,"column":35}},"6":{"start":{"line":25,"column":0},"end":{"line":25,"column":41}},"7":{"start":{"line":26,"column":0},"end":{"line":26,"column":44}},"8":{"start":{"line":29,"column":0},"end":{"line":211,"column":2}},"9":{"start":{"line":30,"column":4},"end":{"line":30,"column":45}},"10":{"start":{"line":32,"column":4},"end":{"line":32,"column":55}},"11":{"start":{"line":33,"column":4},"end":{"line":35,"column":7}},"12":{"start":{"line":34,"column":8},"end":{"line":34,"column":38}},"13":{"start":{"line":37,"column":4},"end":{"line":37,"column":50}},"14":{"start":{"line":38,"column":4},"end":{"line":38,"column":63}},"15":{"start":{"line":39,"column":4},"end":{"line":39,"column":27}},"16":{"start":{"line":42,"column":4},"end":{"line":49,"column":7}},"17":{"start":{"line":53,"column":4},"end":{"line":60,"column":7}},"18":{"start":{"line":66,"column":4},"end":{"line":73,"column":7}},"19":{"start":{"line":75,"column":4},"end":{"line":82,"column":7}},"20":{"start":{"line":84,"column":4},"end":{"line":91,"column":7}},"21":{"start":{"line":93,"column":4},"end":{"line":100,"column":7}},"22":{"start":{"line":102,"column":4},"end":{"line":109,"column":7}},"23":{"start":{"line":111,"column":4},"end":{"line":122,"column":7}},"24":{"start":{"line":124,"column":4},"end":{"line":135,"column":7}},"25":{"start":{"line":137,"column":4},"end":{"line":148,"column":7}},"26":{"start":{"line":150,"column":4},"end":{"line":169,"column":7}},"27":{"start":{"line":156,"column":16},"end":{"line":156,"column":41}},"28":{"start":{"line":158,"column":16},"end":{"line":158,"column":58}},"29":{"start":{"line":160,"column":16},"end":{"line":164,"column":17}},"30":{"start":{"line":161,"column":20},"end":{"line":161,"column":92}},"31":{"start":{"line":163,"column":20},"end":{"line":163,"column":113}},"32":{"start":{"line":166,"column":16},"end":{"line":166,"column":77}},"33":{"start":{"line":171,"column":4},"end":{"line":175,"column":7}},"34":{"start":{"line":172,"column":8},"end":{"line":172,"column":47}},"35":{"start":{"line":173,"column":8},"end":{"line":173,"column":48}},"36":{"start":{"line":174,"column":8},"end":{"line":174,"column":15}},"37":{"start":{"line":178,"column":4},"end":{"line":194,"column":5}},"38":{"start":{"line":181,"column":8},"end":{"line":193,"column":11}},"39":{"start":{"line":182,"column":12},"end":{"line":182,"column":50}},"40":{"start":{"line":184,"column":12},"end":{"line":184,"column":40}},"41":{"start":{"line":185,"column":12},"end":{"line":190,"column":13}},"42":{"start":{"line":186,"column":16},"end":{"line":186,"column":46}},"43":{"start":{"line":187,"column":16},"end":{"line":187,"column":75}},"44":{"start":{"line":188,"column":16},"end":{"line":188,"column":56}},"45":{"start":{"line":189,"column":16},"end":{"line":189,"column":68}},"46":{"start":{"line":192,"column":12},"end":{"line":192,"column":19}},"47":{"start":{"line":197,"column":4},"end":{"line":208,"column":7}},"48":{"start":{"line":198,"column":8},"end":{"line":198,"column":40}},"49":{"start":{"line":200,"column":8},"end":{"line":200,"column":48}},"50":{"start":{"line":202,"column":8},"end":{"line":205,"column":9}},"51":{"start":{"line":203,"column":12},"end":{"line":203,"column":43}},"52":{"start":{"line":204,"column":12},"end":{"line":204,"column":51}},"53":{"start":{"line":207,"column":8},"end":{"line":207,"column":15}},"54":{"start":{"line":210,"column":4},"end":{"line":210,"column":11}},"55":{"start":{"line":213,"column":0},"end":{"line":219,"column":2}}},"branchMap":{"1":{"line":160,"type":"if","locations":[{"start":{"line":160,"column":16},"end":{"line":160,"column":16}},{"start":{"line":160,"column":16},"end":{"line":160,"column":16}}]},"2":{"line":160,"type":"binary-expr","locations":[{"start":{"line":160,"column":20},"end":{"line":160,"column":31}},{"start":{"line":160,"column":35},"end":{"line":160,"column":79}}]},"3":{"line":178,"type":"if","locations":[{"start":{"line":178,"column":4},"end":{"line":178,"column":4}},{"start":{"line":178,"column":4},"end":{"line":178,"column":4}}]},"4":{"line":185,"type":"if","locations":[{"start":{"line":185,"column":12},"end":{"line":185,"column":12}},{"start":{"line":185,"column":12},"end":{"line":185,"column":12}}]},"5":{"line":185,"type":"binary-expr","locations":[{"start":{"line":185,"column":16},"end":{"line":185,"column":32}},{"start":{"line":185,"column":36},"end":{"line":185,"column":64}}]},"6":{"line":187,"type":"binary-expr","locations":[{"start":{"line":187,"column":37},"end":{"line":187,"column":67}},{"start":{"line":187,"column":71},"end":{"line":187,"column":73}}]},"7":{"line":202,"type":"if","locations":[{"start":{"line":202,"column":8},"end":{"line":202,"column":8}},{"start":{"line":202,"column":8},"end":{"line":202,"column":8}}]},"8":{"line":202,"type":"binary-expr","locations":[{"start":{"line":202,"column":12},"end":{"line":202,"column":27}},{"start":{"line":202,"column":31},"end":{"line":202,"column":57}}]}},"code":["/*───────────────────────────────────────────────────────────────────────────*\\"," │  Copyright (C) 2014 eBay Software Foundation                                │"," │                                                                             │"," │hh ,'\"\"`.                                                                    │"," │  / _  _ \\  Licensed under the Apache License, Version 2.0 (the \"License\");  │"," │  |(@)(@)|  you may not use this file except in compliance with the License. │"," │  )  __  (  You may obtain a copy of the License at                          │"," │ /,'))((`.\\                                                                  │"," │(( ((  )) ))    http://www.apache.org/licenses/LICENSE-2.0                   │"," │ `\\ `)(' /'                                                                  │"," │                                                                             │"," │   Unless required by applicable law or agreed to in writing, software       │"," │   distributed under the License is distributed on an \"AS IS\" BASIS,         │"," │   WITHOUT WARRANTIES OR CONDITIONS OF ANY KIND, either express or implied.  │"," │   See the License for the specific language governing permissions and       │"," │   limitations under the License.                                            │"," \\*───────────────────────────────────────────────────────────────────────────*/","'use strict';","","var Url = require('url');","var Hoek = require('hoek');","var pkg = require('./package');","var util = require('./lib/util');","var stats = require('./lib/stats');","var delegate = require('./lib/delegate');","var defaults = require('./config/defaults');","","","exports.register = function register(plugin, options, next) {","    var settings, read, write, vhost, logger;","","    settings = Hoek.applyToDefaults(defaults, options);","    settings.paths = settings.paths.map(function (path) {","        return util.suffix(path, '/');","    });","","    read = delegate.createHandler(settings.paths);","    write = delegate.createHandler(settings.paths.slice(0, 1));","    vhost = settings.vhost;","","    // GETs always get proxied","    plugin.route({","        method: 'GET',","        path: '/{p*}',","        vhost: vhost,","        config: {","            handler: read","        }","    });","","","    // Statistics reporter","    plugin.route({","        method: 'GET',","        path: '/-/stats',","        vhost: vhost,","        config: {","            handler: stats.handler","        }","    });","","","    // User-info GETs, and all other POST, PUT, and DELETE operations","    // always go to first service only (write delegate). This includes","    // user-related operations, publishes, tags, etc.","    plugin.route({","        method: 'GET',","        path: '/-/user/{p*}',","        vhost: vhost,","        config: {","            handler: write","        }","    });","","    plugin.route({","        method: 'GET',","        path: '/-/users',","        vhost: vhost,","        config: {","            handler: write","        }","    });","","    plugin.route({","        method: 'GET',","        path: '/_users/{p*}',","        vhost: vhost,","        config: {","            handler: write","        }","    });","","    plugin.route({","        method: 'GET',","        path: '/public_users/{p*}',","        vhost: vhost,","        config: {","            handler: write","        }","    });","","    plugin.route({","        method: 'GET',","        path: '/-/user-by-email/{p*}',","        vhost: vhost,","        config: {","            handler: write","        }","    });","","    plugin.route({","        method: 'POST',","        path: '/{p*}',","        vhost: vhost,","        config: {","            handler: write,","            payload: {","                output: 'stream',","                parse: false","            }","        }","    });","","    plugin.route({","        method: 'PUT',","        path: '/{p*}',","        vhost: vhost,","        config: {","            handler: write,","            payload: {","                output: 'stream',","                parse: false","            }","        }","    });","","    plugin.route({","        method: 'DELETE',","        path: '/{p*}',","        vhost: vhost,","        config: {","            handler: write,","            payload: {","                output: 'stream',","                parse: false","            }","        }","    });","","    plugin.route({","        method: ['GET', 'POST', 'PUT', 'PATCH', 'DELETE', 'OPTIONS', '*'],","        path: '/_utils/{p*}',","        vhost: vhost,","        config: {","            handler: function forbidden(req, reply) {","                var contentType, payload;","","                contentType = req.headers['content-type'];","","                if (contentType && contentType.indexOf('application/json') > -1) {","                    payload = {\"error\":\"forbidden\",\"reason\":\"public access is not allowed\"};","                } else {","                    payload = '<!DOCTYPE html><h1>Error 403: Forbidden</h1><p>Public access is not allowed.</p>';","                }","","                reply(payload).code(403).header('Cache-Control', 'no-cache');","            }","        }","    });","","    plugin.ext('onRequest', function (request, next) {","        stats.increment('http:requests:total');","        stats.increment('http:requests:active');","        next();","    });","","","    if (settings.rewriteTarballs) {","        // Rewrite tarball URLs to kappa so that everything comes through kappa.","        // This is useful for metrics, logging, white listing, etc.","        plugin.ext('onPostHandler', function (request, next) {","            var response, rewrite, host, registry;","","            response = request.response;","            if (!response.isBoom && response.variety === 'plain') {","                host = util.hostInfo(request);","                registry = Url.parse(response.headers['x-registry'] || '');","                rewrite = util.rewriter(host, registry);","                util.transform(response.source, 'tarball', rewrite);","            }","","            next();","        });","    }","","","    plugin.ext('onPreResponse', function (request, next) {","        var response = request.response;","","        stats.decrement('http:requests:active');","","        if (response.isBoom || response.statusCode >= 500) {","            stats.increment('http:errors');","            request.log('error', response.message);","        }","","        next();","    });","","    next();","};","","exports.register.attributes = {","","    name: pkg.name,","","    version: pkg.version","","};",""],"l":{"20":2,"21":2,"22":2,"23":2,"24":2,"25":0,"26":0,"29":0,"30":0,"32":0,"33":0,"34":0,"37":0,"38":0,"39":0,"42":0,"53":0,"66":0,"75":0,"84":0,"93":0,"102":0,"111":0,"124":0,"137":0,"150":0,"156":0,"158":0,"160":0,"161":0,"163":0,"166":0,"171":0,"172":0,"173":0,"174":0,"178":0,"181":0,"182":0,"184":0,"185":0,"186":0,"187":0,"188":0,"189":0,"192":0,"197":0,"198":0,"200":0,"202":0,"203":0,"204":0,"207":0,"210":0,"213":0}},"/home/travis/build/npmtest/node-npmtest-kappa/node_modules/kappa/lib/util.js":{"path":"/home/travis/build/npmtest/node-npmtest-kappa/node_modules/kappa/lib/util.js","s":{"1":1,"2":1,"3":1,"4":1,"5":1,"6":0,"7":1,"8":0,"9":0,"10":0,"11":0,"12":0,"13":0,"14":0,"15":1,"16":8,"17":0,"18":0,"19":0,"20":0,"21":0,"22":0,"23":1,"24":4,"25":0,"26":0,"27":1,"28":4,"29":0,"30":0,"31":1,"32":0,"33":0,"34":0,"35":0,"36":0,"37":0,"38":0,"39":1,"40":0,"41":0,"42":0,"43":0,"44":1,"45":0,"46":0,"47":0,"48":0,"49":0,"50":1,"51":0,"52":0,"53":0,"54":0,"55":0,"56":0,"57":1,"58":0,"59":0,"60":0,"61":0,"62":0,"63":0,"64":0,"65":0,"66":0,"67":0,"68":1,"69":0,"70":0,"71":0,"72":0,"73":0,"74":1,"75":0,"76":0,"77":0},"b":{"1":[0,0],"2":[0,0],"3":[0,0],"4":[0,0],"5":[0,0],"6":[0,0],"7":[0,0],"8":[0,0],"9":[0,0],"10":[0,0],"11":[0,0],"12":[0,0],"13":[0,0],"14":[0,0]},"f":{"1":0,"2":0,"3":8,"4":0,"5":4,"6":0,"7":4,"8":0,"9":0,"10":0,"11":0,"12":0,"13":0,"14":0,"15":0,"16":0,"17":0,"18":0,"19":0},"fnMap":{"1":{"name":"isValidHeader","line":34,"loc":{"start":{"line":34,"column":24},"end":{"line":34,"column":55}}},"2":{"name":"namespace","line":47,"loc":{"start":{"line":47,"column":20},"end":{"line":47,"column":58}}},"3":{"name":"ns","line":70,"loc":{"start":{"line":70,"column":13},"end":{"line":70,"column":35}}},"4":{"name":"(anonymous_4)","line":71,"loc":{"start":{"line":71,"column":11},"end":{"line":71,"column":27}}},"5":{"name":"init","line":92,"loc":{"start":{"line":92,"column":15},"end":{"line":92,"column":39}}},"6":{"name":"(anonymous_6)","line":93,"loc":{"start":{"line":93,"column":28},"end":{"line":93,"column":49}}},"7":{"name":"maybe","line":107,"loc":{"start":{"line":107,"column":16},"end":{"line":107,"column":41}}},"8":{"name":"(anonymous_8)","line":108,"loc":{"start":{"line":108,"column":28},"end":{"line":108,"column":49}}},"9":{"name":"map","line":124,"loc":{"start":{"line":124,"column":14},"end":{"line":124,"column":36}}},"10":{"name":"(anonymous_10)","line":126,"loc":{"start":{"line":126,"column":29},"end":{"line":126,"column":45}}},"11":{"name":"sum","line":143,"loc":{"start":{"line":143,"column":14},"end":{"line":143,"column":32}}},"12":{"name":"(anonymous_12)","line":147,"loc":{"start":{"line":147,"column":35},"end":{"line":147,"column":57}}},"13":{"name":"tryParse","line":159,"loc":{"start":{"line":159,"column":19},"end":{"line":159,"column":43}}},"14":{"name":"transform","line":180,"loc":{"start":{"line":180,"column":20},"end":{"line":180,"column":54}}},"15":{"name":"(anonymous_15)","line":185,"loc":{"start":{"line":185,"column":29},"end":{"line":185,"column":44}}},"16":{"name":"rewriter","line":202,"loc":{"start":{"line":202,"column":19},"end":{"line":202,"column":53}}},"17":{"name":"rewrite","line":203,"loc":{"start":{"line":203,"column":11},"end":{"line":203,"column":34}}},"18":{"name":"hostInfo","line":224,"loc":{"start":{"line":224,"column":19},"end":{"line":224,"column":46}}},"19":{"name":"suffix","line":245,"loc":{"start":{"line":245,"column":17},"end":{"line":245,"column":45}}}},"statementMap":{"1":{"start":{"line":20,"column":0},"end":{"line":20,"column":25}},"2":{"start":{"line":23,"column":0},"end":{"line":23,"column":34}},"3":{"start":{"line":24,"column":0},"end":{"line":24,"column":68}},"4":{"start":{"line":25,"column":0},"end":{"line":25,"column":65}},"5":{"start":{"line":34,"column":0},"end":{"line":36,"column":2}},"6":{"start":{"line":35,"column":4},"end":{"line":35,"column":45}},"7":{"start":{"line":47,"column":0},"end":{"line":59,"column":2}},"8":{"start":{"line":48,"column":4},"end":{"line":48,"column":25}},"9":{"start":{"line":50,"column":4},"end":{"line":50,"column":28}},"10":{"start":{"line":51,"column":4},"end":{"line":51,"column":24}},"11":{"start":{"line":53,"column":4},"end":{"line":56,"column":5}},"12":{"start":{"line":54,"column":8},"end":{"line":54,"column":28}},"13":{"start":{"line":55,"column":8},"end":{"line":55,"column":47}},"14":{"start":{"line":58,"column":4},"end":{"line":58,"column":16}},"15":{"start":{"line":70,"column":0},"end":{"line":81,"column":2}},"16":{"start":{"line":71,"column":4},"end":{"line":80,"column":6}},"17":{"start":{"line":72,"column":8},"end":{"line":72,"column":23}},"18":{"start":{"line":74,"column":8},"end":{"line":74,"column":32}},"19":{"start":{"line":75,"column":8},"end":{"line":75,"column":28}},"20":{"start":{"line":76,"column":8},"end":{"line":76,"column":27}},"21":{"start":{"line":78,"column":8},"end":{"line":78,"column":51}},"22":{"start":{"line":79,"column":8},"end":{"line":79,"column":22}},"23":{"start":{"line":92,"column":0},"end":{"line":97,"column":2}},"24":{"start":{"line":93,"column":4},"end":{"line":96,"column":7}},"25":{"start":{"line":94,"column":8},"end":{"line":94,"column":71}},"26":{"start":{"line":95,"column":8},"end":{"line":95,"column":22}},"27":{"start":{"line":107,"column":0},"end":{"line":113,"column":2}},"28":{"start":{"line":108,"column":4},"end":{"line":112,"column":7}},"29":{"start":{"line":109,"column":8},"end":{"line":111,"column":9}},"30":{"start":{"line":110,"column":12},"end":{"line":110,"column":26}},"31":{"start":{"line":124,"column":0},"end":{"line":135,"column":2}},"32":{"start":{"line":125,"column":4},"end":{"line":125,"column":18}},"33":{"start":{"line":126,"column":4},"end":{"line":133,"column":7}},"34":{"start":{"line":127,"column":8},"end":{"line":127,"column":30}},"35":{"start":{"line":128,"column":8},"end":{"line":132,"column":9}},"36":{"start":{"line":129,"column":12},"end":{"line":129,"column":40}},"37":{"start":{"line":131,"column":12},"end":{"line":131,"column":35}},"38":{"start":{"line":134,"column":4},"end":{"line":134,"column":16}},"39":{"start":{"line":143,"column":0},"end":{"line":150,"column":2}},"40":{"start":{"line":144,"column":4},"end":{"line":146,"column":5}},"41":{"start":{"line":145,"column":8},"end":{"line":145,"column":56}},"42":{"start":{"line":147,"column":4},"end":{"line":149,"column":10}},"43":{"start":{"line":148,"column":8},"end":{"line":148,"column":39}},"44":{"start":{"line":159,"column":0},"end":{"line":170,"column":2}},"45":{"start":{"line":160,"column":4},"end":{"line":160,"column":12}},"46":{"start":{"line":162,"column":4},"end":{"line":167,"column":5}},"47":{"start":{"line":163,"column":8},"end":{"line":163,"column":31}},"48":{"start":{"line":166,"column":8},"end":{"line":166,"column":16}},"49":{"start":{"line":169,"column":4},"end":{"line":169,"column":15}},"50":{"start":{"line":180,"column":0},"end":{"line":192,"column":2}},"51":{"start":{"line":181,"column":4},"end":{"line":183,"column":5}},"52":{"start":{"line":182,"column":8},"end":{"line":182,"column":15}},"53":{"start":{"line":185,"column":4},"end":{"line":191,"column":7}},"54":{"start":{"line":186,"column":8},"end":{"line":190,"column":9}},"55":{"start":{"line":187,"column":12},"end":{"line":187,"column":36}},"56":{"start":{"line":189,"column":12},"end":{"line":189,"column":42}},"57":{"start":{"line":202,"column":0},"end":{"line":215,"column":2}},"58":{"start":{"line":203,"column":4},"end":{"line":214,"column":6}},"59":{"start":{"line":204,"column":8},"end":{"line":212,"column":9}},"60":{"start":{"line":205,"column":12},"end":{"line":205,"column":35}},"61":{"start":{"line":206,"column":12},"end":{"line":206,"column":80}},"62":{"start":{"line":207,"column":12},"end":{"line":207,"column":42}},"63":{"start":{"line":208,"column":12},"end":{"line":208,"column":42}},"64":{"start":{"line":209,"column":12},"end":{"line":209,"column":34}},"65":{"start":{"line":210,"column":12},"end":{"line":210,"column":34}},"66":{"start":{"line":211,"column":12},"end":{"line":211,"column":33}},"67":{"start":{"line":213,"column":8},"end":{"line":213,"column":20}},"68":{"start":{"line":224,"column":0},"end":{"line":236,"column":2}},"69":{"start":{"line":225,"column":4},"end":{"line":225,"column":22}},"70":{"start":{"line":227,"column":4},"end":{"line":227,"column":84}},"71":{"start":{"line":228,"column":4},"end":{"line":228,"column":45}},"72":{"start":{"line":229,"column":4},"end":{"line":229,"column":57}},"73":{"start":{"line":231,"column":4},"end":{"line":235,"column":6}},"74":{"start":{"line":245,"column":0},"end":{"line":250,"column":2}},"75":{"start":{"line":246,"column":4},"end":{"line":248,"column":5}},"76":{"start":{"line":247,"column":8},"end":{"line":247,"column":70}},"77":{"start":{"line":249,"column":4},"end":{"line":249,"column":15}}},"branchMap":{"1":{"line":55,"type":"binary-expr","locations":[{"start":{"line":55,"column":15},"end":{"line":55,"column":25}},{"start":{"line":55,"column":30},"end":{"line":55,"column":45}}]},"2":{"line":94,"type":"cond-expr","locations":[{"start":{"line":94,"column":57},"end":{"line":94,"column":66}},{"start":{"line":94,"column":69},"end":{"line":94,"column":70}}]},"3":{"line":109,"type":"if","locations":[{"start":{"line":109,"column":8},"end":{"line":109,"column":8}},{"start":{"line":109,"column":8},"end":{"line":109,"column":8}}]},"4":{"line":128,"type":"if","locations":[{"start":{"line":128,"column":8},"end":{"line":128,"column":8}},{"start":{"line":128,"column":8},"end":{"line":128,"column":8}}]},"5":{"line":144,"type":"if","locations":[{"start":{"line":144,"column":4},"end":{"line":144,"column":4}},{"start":{"line":144,"column":4},"end":{"line":144,"column":4}}]},"6":{"line":181,"type":"if","locations":[{"start":{"line":181,"column":4},"end":{"line":181,"column":4}},{"start":{"line":181,"column":4},"end":{"line":181,"column":4}}]},"7":{"line":181,"type":"binary-expr","locations":[{"start":{"line":181,"column":8},"end":{"line":181,"column":31}},{"start":{"line":181,"column":35},"end":{"line":181,"column":47}}]},"8":{"line":186,"type":"if","locations":[{"start":{"line":186,"column":8},"end":{"line":186,"column":8}},{"start":{"line":186,"column":8},"end":{"line":186,"column":8}}]},"9":{"line":204,"type":"if","locations":[{"start":{"line":204,"column":8},"end":{"line":204,"column":8}},{"start":{"line":204,"column":8},"end":{"line":204,"column":8}}]},"10":{"line":206,"type":"binary-expr","locations":[{"start":{"line":206,"column":28},"end":{"line":206,"column":72}},{"start":{"line":206,"column":76},"end":{"line":206,"column":79}}]},"11":{"line":227,"type":"binary-expr","locations":[{"start":{"line":227,"column":15},"end":{"line":227,"column":51}},{"start":{"line":227,"column":55},"end":{"line":227,"column":83}}]},"12":{"line":246,"type":"if","locations":[{"start":{"line":246,"column":4},"end":{"line":246,"column":4}},{"start":{"line":246,"column":4},"end":{"line":246,"column":4}}]},"13":{"line":246,"type":"binary-expr","locations":[{"start":{"line":246,"column":8},"end":{"line":246,"column":32}},{"start":{"line":246,"column":36},"end":{"line":246,"column":62}}]},"14":{"line":247,"type":"cond-expr","locations":[{"start":{"line":247,"column":52},"end":{"line":247,"column":55}},{"start":{"line":247,"column":58},"end":{"line":247,"column":69}}]}},"code":["/*───────────────────────────────────────────────────────────────────────────*\\"," │  Copyright (C) 2014 eBay Software Foundation                                │"," │                                                                             │"," │   ,'\"\"`.                                                                    │"," │  / _  _ \\  Licensed under the Apache License, Version 2.0 (the \"License\");  │"," │  |(@)(@)|  you may not use this file except in compliance with the License. │"," │  )  __  (  You may obtain a copy of the License at                          │"," │ /,'))((`.\\                                                                  │"," │(( ((  )) ))    http://www.apache.org/licenses/LICENSE-2.0                   │"," │ `\\ `)(' /'                                                                  │"," │                                                                             │"," │   Unless required by applicable law or agreed to in writing, software       │"," │   distributed under the License is distributed on an \"AS IS\" BASIS,         │"," │   WITHOUT WARRANTIES OR CONDITIONS OF ANY KIND, either express or implied.  │"," │   See the License for the specific language governing permissions and       │"," │   limitations under the License.                                            │"," \\*───────────────────────────────────────────────────────────────────────────*/","'use strict';","","var url = require('url');","","","var slice, clone, INVALID_HEADERS;","slice = clone = Function.prototype.call.bind(Array.prototype.slice);","INVALID_HEADERS = ['content-length', 'date', 'content-encoding'];","","","/**"," * Determines if the header is `valid` or `invalid`, returning"," * a boolean value which reflect said determination."," * @param header the name of the header to test"," * @returns {boolean} true if the header is valid, or false if not."," */","exports.isValidHeader = function isValidHeader(header) {","    return !~INVALID_HEADERS.indexOf(header);","};","","","/**"," * Adds the properties to the provided object as defined"," * by var args."," *"," * var obj = namespace({}, 'foo', 'bar', 'baz');"," * // obj = { foo: { bar : { baz: {} } }"," * @returns {*} the provided object"," */","exports.namespace = function namespace(/*obj, props...*/) {","    var args, dest, prop;","","    args = clone(arguments);","    dest = args.shift();","","    while (args.length) {","        prop = args.shift();","        dest = dest[prop] || (dest[prop] = {});","    }","","    return dest;","};","","","/**"," * Creates a curried function that creates, if necessary,"," * an object hierarchy prior to providing the object"," * and property name to the provided callback."," * @param dest"," * @param fn"," * @returns {Function}"," */","exports.ns = function ns(dest, fn) {","    return function (name) {","        var props, obj;","","        props = name.split(':');","        props.unshift(dest);","        name = props.pop();","","        obj = exports.namespace.apply(null, props);","        fn(obj, name);","    };","};","","","/**"," * Creates a curried function that ensures a property in"," * an object hierarchy exists prior to passing it to the"," * provided callback. If one doesn't exists it is created."," * @param dest"," * @param fn"," * @returns {*}"," */","exports.init = function init(dest, fn) {","    return exports.ns(dest, function (obj, prop) {","        obj[prop] = (typeof obj[prop] !== 'undefined') ? obj[prop] : 0;","        fn(obj, prop);","    });","};","","","/**"," * Creates a curried function that ensures a property exists"," * in an object prior to passing it to the provided callback."," * @param dest"," * @param fn"," * @returns {*}"," */","exports.maybe = function maybe(dest, fn) {","    return exports.ns(dest, function (obj, name) {","        if (obj[name] !== undefined) {","            fn(obj, name);","        }","    });","};","","","/**"," * Traverses an object hierarchy, invoking the provided function"," * with any non-object value and assigns the result of the function"," * invocation to the property."," * @param obj"," * @param fn"," * @returns {{}}"," */","exports.map = function map(obj, fn) {","    var dest = {};","    Object.keys(obj).forEach(function (prop) {","        var value = obj[prop];","        if (typeof value === 'object') {","            dest[prop] = map(value, fn);","        } else {","            dest[prop] = fn(value);","        }","    });","    return dest;","};","","","/**"," * Adds the length of all properties in the given object."," * @param obj"," * @returns {Object}"," */","exports.sum = function sum(obj) {","    if (typeof obj !== 'object') {","        throw new TypeError(\"sum called on non-object\");","    }","    return Object.keys(obj).reduce(function (prev, curr) {","        return prev + obj[curr].length;","    }, 0);","};","","","/**"," * Parses the provided string as JSON. If successful, returns"," * the parsed JSON object, otherwise the error if unsuccessful."," * @param data"," * @returns {*}"," */","exports.tryParse = function tryParse(data) {","    var obj;","","    try {","        obj = JSON.parse(data);","    }","    catch (e) {","        obj = e;","    }","","    return obj;","};","","","/**"," * Transforms all properties within an object hierarchy using the"," * provided function"," * @param obj the object to travers"," * @param pro
[...]
0,"46":0,"47":0,"48":0,"49":0,"50":0,"51":0,"52":0,"53":0,"54":0,"55":0,"56":1,"57":0,"58":0,"59":0,"60":1,"61":0,"62":0,"63":0,"64":0,"65":0,"66":0,"67":0,"68":0,"69":0,"70":0,"71":0,"72":0,"73":0,"74":0,"75":0,"76":0,"77":0,"78":0,"79":0,"80":0,"81":0,"82":0,"83":1,"84":0},"b":{"1":[0,0],"2":[0,0],"3":[0,0],"4":[0,0],"5":[0,0],"6":[0,0,0],"7":[0,0],"8":[0,0],"9":[0,0],"10":[0,0],"11":[0,0],"12":[0,0],"13":[0,0],"14":[0,0,0],"15":[0,0],"16":[0,0]},"f":{"1":0,"2":0,"3":0,"4":0,"5":0,"6":0,"7":0,"8":0,"9":0,"10":0,"11":0,"12":0},"fnMap":{"1":{"name":"(anonymous_1)","line":38,"loc":{"start":{"line":38,"column":11},"end":{"line":38,"column":33}}},"2":{"name":"(anonymous_2)","line":47,"loc":{"start":{"line":47,"column":20},"end":{"line":47,"column":49}}},"3":{"name":"(anonymous_3)","line":77,"loc":{"start":{"line":77,"column":24},"end":{"line":77,"column":62}}},"4":{"name":"(anonymous_4)","line":105,"loc":{"start":{"line":105,"column":17},"end":{"line":105,"column":55}}},"5":{"name":"(anonymous_5)","line":134,"loc":{"start":{"line":134,"column":32},"end":{"line":134,"column":56}}},"6":{"name":"onError","line":137,"loc":{"start":{"line":137,"column":16},"end":{"line":137,"column":38}}},"7":{"name":"handleResponse","line":143,"loc":{"start":{"line":143,"column":16},"end":{"line":143,"column":54}}},"8":{"name":"(anonymous_8)","line":177,"loc":{"start":{"line":177,"column":14},"end":{"line":177,"column":41}}},"9":{"name":"(anonymous_9)","line":183,"loc":{"start":{"line":183,"column":21},"end":{"line":183,"column":36}}},"10":{"name":"(anonymous_10)","line":191,"loc":{"start":{"line":191,"column":15},"end":{"line":191,"column":18}}},"11":{"name":"(anonymous_11)","line":196,"loc":{"start":{"line":196,"column":14},"end":{"line":196,"column":17}}},"12":{"name":"(anonymous_12)","line":202,"loc":{"start":{"line":202,"column":17},"end":{"line":202,"column":47}}}},"statementMap":{"1":{"start":{"line":20,"column":0},"end":{"line":20,"column":25}},"2":{"start":{"line":21,"column":0},"end":{"line":21,"column":27}},"3":{"start":{"line":22,"column":0},"end":{"line":22,"column":27}},"4":{"start":{"line":23,"column":0},"end":{"line":23,"column":27}},"5":{"start":{"line":24,"column":0},"end":{"line":24,"column":27}},"6":{"start":{"line":25,"column":0},"end":{"line":25,"column":29}},"7":{"start":{"line":26,"column":0},"end":{"line":26,"column":29}},"8":{"start":{"line":27,"column":0},"end":{"line":27,"column":30}},"9":{"start":{"line":28,"column":0},"end":{"line":28,"column":42}},"10":{"start":{"line":30,"column":0},"end":{"line":30,"column":45}},"11":{"start":{"line":32,"column":0},"end":{"line":32,"column":71}},"12":{"start":{"line":33,"column":0},"end":{"line":33,"column":63}},"13":{"start":{"line":36,"column":0},"end":{"line":199,"column":2}},"14":{"start":{"line":39,"column":8},"end":{"line":39,"column":46}},"15":{"start":{"line":41,"column":8},"end":{"line":41,"column":20}},"16":{"start":{"line":42,"column":8},"end":{"line":42,"column":33}},"17":{"start":{"line":43,"column":8},"end":{"line":43,"column":35}},"18":{"start":{"line":44,"column":8},"end":{"line":44,"column":27}},"19":{"start":{"line":46,"column":8},"end":{"line":102,"column":11}},"20":{"start":{"line":48,"column":16},"end":{"line":48,"column":38}},"21":{"start":{"line":50,"column":16},"end":{"line":50,"column":80}},"22":{"start":{"line":51,"column":16},"end":{"line":51,"column":46}},"23":{"start":{"line":52,"column":16},"end":{"line":52,"column":62}},"24":{"start":{"line":53,"column":16},"end":{"line":53,"column":51}},"25":{"start":{"line":57,"column":16},"end":{"line":57,"column":70}},"26":{"start":{"line":58,"column":16},"end":{"line":58,"column":44}},"27":{"start":{"line":62,"column":16},"end":{"line":64,"column":17}},"28":{"start":{"line":63,"column":20},"end":{"line":63,"column":64}},"29":{"start":{"line":71,"column":16},"end":{"line":73,"column":17}},"30":{"start":{"line":72,"column":20},"end":{"line":72,"column":57}},"31":{"start":{"line":75,"column":16},"end":{"line":75,"column":66}},"32":{"start":{"line":78,"column":16},"end":{"line":78,"column":30}},"33":{"start":{"line":80,"column":16},"end":{"line":97,"column":17}},"34":{"start":{"line":84,"column":20},"end":{"line":84,"column":37}},"35":{"start":{"line":85,"column":20},"end":{"line":96,"column":23}},"36":{"start":{"line":99,"column":16},"end":{"line":99,"column":56}},"37":{"start":{"line":106,"column":8},"end":{"line":106,"column":40}},"38":{"start":{"line":108,"column":8},"end":{"line":113,"column":9}},"39":{"start":{"line":110,"column":12},"end":{"line":110,"column":54}},"40":{"start":{"line":111,"column":12},"end":{"line":111,"column":35}},"41":{"start":{"line":112,"column":12},"end":{"line":112,"column":19}},"42":{"start":{"line":115,"column":8},"end":{"line":121,"column":9}},"43":{"start":{"line":118,"column":12},"end":{"line":118,"column":47}},"44":{"start":{"line":119,"column":12},"end":{"line":119,"column":30}},"45":{"start":{"line":120,"column":12},"end":{"line":120,"column":19}},"46":{"start":{"line":123,"column":8},"end":{"line":123,"column":20}},"47":{"start":{"line":124,"column":8},"end":{"line":124,"column":35}},"48":{"start":{"line":125,"column":8},"end":{"line":125,"column":48}},"49":{"start":{"line":126,"column":8},"end":{"line":126,"column":49}},"50":{"start":{"line":128,"column":8},"end":{"line":128,"column":50}},"51":{"start":{"line":129,"column":8},"end":{"line":129,"column":73}},"52":{"start":{"line":131,"column":8},"end":{"line":174,"column":9}},"53":{"start":{"line":132,"column":12},"end":{"line":132,"column":43}},"54":{"start":{"line":134,"column":12},"end":{"line":173,"column":15}},"55":{"start":{"line":135,"column":16},"end":{"line":135,"column":29}},"56":{"start":{"line":137,"column":16},"end":{"line":141,"column":17}},"57":{"start":{"line":138,"column":20},"end":{"line":138,"column":47}},"58":{"start":{"line":139,"column":20},"end":{"line":139,"column":69}},"59":{"start":{"line":140,"column":20},"end":{"line":140,"column":31}},"60":{"start":{"line":143,"column":16},"end":{"line":166,"column":17}},"61":{"start":{"line":144,"column":20},"end":{"line":144,"column":42}},"62":{"start":{"line":146,"column":20},"end":{"line":148,"column":21}},"63":{"start":{"line":147,"column":24},"end":{"line":147,"column":44}},"64":{"start":{"line":151,"column":20},"end":{"line":163,"column":21}},"65":{"start":{"line":152,"column":24},"end":{"line":152,"column":89}},"66":{"start":{"line":153,"column":24},"end":{"line":153,"column":78}},"67":{"start":{"line":154,"column":24},"end":{"line":160,"column":25}},"68":{"start":{"line":155,"column":28},"end":{"line":159,"column":29}},"69":{"start":{"line":156,"column":32},"end":{"line":156,"column":73}},"70":{"start":{"line":158,"column":32},"end":{"line":158,"column":52}},"71":{"start":{"line":162,"column":24},"end":{"line":162,"column":39}},"72":{"start":{"line":165,"column":20},"end":{"line":165,"column":55}},"73":{"start":{"line":168,"column":16},"end":{"line":172,"column":17}},"74":{"start":{"line":169,"column":20},"end":{"line":169,"column":57}},"75":{"start":{"line":171,"column":20},"end":{"line":171,"column":49}},"76":{"start":{"line":178,"column":8},"end":{"line":178,"column":55}},"77":{"start":{"line":179,"column":8},"end":{"line":179,"column":53}},"78":{"start":{"line":181,"column":8},"end":{"line":185,"column":15}},"79":{"start":{"line":184,"column":16},"end":{"line":184,"column":55}},"80":{"start":{"line":187,"column":8},"end":{"line":187,"column":24}},"81":{"start":{"line":192,"column":8},"end":{"line":192,"column":32}},"82":{"start":{"line":197,"column":8},"end":{"line":197,"column":57}},"83":{"start":{"line":202,"column":0},"end":{"line":229,"column":2}},"84":{"start":{"line":204,"column":4},"end":{"line":227,"column":7}}},"branchMap":{"1":{"line":62,"type":"if","locations":[{"start":{"line":62,"column":16},"end":{"line":62,"column":16}},{"start":{"line":62,"column":16},"end":{"line":62,"column":16}}]},"2":{"line":71,"type":"if","locations":[{"start":{"line":71,"column":16},"end":{"line":71,"column":16}},{"start":{"line":71,"column":16},"end":{"line":71,"column":16}}]},"3":{"line":80,"type":"if","locations":[{"start":{"line":80,"column":16},"end":{"line":80,"column":16}},{"start":{"line":80,"column":16},"end":{"line":80,"column":16}}]},"4":{"line":92,"type":"cond-expr","locations":[{"start":{"line":92,"column":42},"end":{"line":92,"column":56}},{"start":{"line":92,"column":59},"end":{"line":92,"column":61}}]},"5":{"line":108,"type":"if","locations":[{"start":{"line":108,"column":8},"end":{"line":108,"column":8}},{"start":{"line":108,"column":8},"end":{"line":108,"column":8}}]},"6":{"line":110,"type":"binary-expr","locations":[{"start":{"line":110,"column":12},"end":{"line":110,"column":15}},{"start":{"line":110,"column":19},"end":{"line":110,"column":29}},{"start":{"line":110,"column":33},"end":{"line":110,"column":53}}]},"7":{"line":115,"type":"if","locations":[{"start":{"line":115,"column":8},"end":{"line":115,"column":8}},{"start":{"line":115,"column":8},"end":{"line":115,"column":8}}]},"8":{"line":115,"type":"binary-expr","locations":[{"start":{"line":115,"column":12},"end":{"line":115,"column":24}},{"start":{"line":115,"column":28},"end":{"line":115,"column":50}}]},"9":{"line":118,"type":"binary-expr","locations":[{"start":{"line":118,"column":12},"end":{"line":118,"column":22}},{"start":{"line":118,"column":26},"end":{"line":118,"column":46}}]},"10":{"line":129,"type":"binary-expr","locations":[{"start":{"line":129,"column":22},"end":{"line":129,"column":33}},{"start":{"line":129,"column":37},"end":{"line":129,"column":72}}]},"11":{"line":131,"type":"if","locations":[{"start":{"line":131,"column":8},"end":{"line":131,"column":8}},{"start":{"line":131,"column":8},"end":{"line":131,"column":8}}]},"12":{"line":146,"type":"if","locations":[{"start":{"line":146,"column":20},"end":{"line":146,"column":20}},{"start":{"line":146,"column":20},"end":{"line":146,"column":20}}]},"13":{"line":151,"type":"if","locations":[{"start":{"line":151,"column":20},"end":{"line":151,"column":20}},{"start":{"line":151,"column":20},"end":{"line":151,"column":20}}]},"14":{"line":152,"type":"binary-expr","locations":[{"start":{"line":152,"column":39},"end":{"line":152,"column":50}},{"start":{"line":152,"column":54},"end":{"line":152,"column":81}},{"start":{"line":152,"column":86},"end":{"line":152,"column":88}}]},"15":{"line":154,"type":"if","locations":[{"start":{"line":154,"column":24},"end":{"line":154,"column":24}},{"start":{"line":154,"column":24},"end":{"line":154,"column":24}}]},"16":{"line":168,"type":"if","locations":[{"start":{"line":168,"column":16},"end":{"line":168,"column":16}},{"start":{"line":168,"column":16},"end":{"line":168,"column":16}}]}},"code":["/*───────────────────────────────────────────────────────────────────────────*\\","│  Copyright (C) 2014 eBay Software Foundation                                │","│                                                                             │","│hh ,'\"\"`.                                                                    │","│  / _  _ \\  Licensed under the Apache License, Version 2.0 (the \"License\");  │","│  |(@)(@)|  you may not use this file except in compliance with the License. │","│  )  __  (  You may obtain a copy of the License at                          │","│ /,'))((`.\\                                                                  │","│(( ((  )) ))    http://www.apache.org/licenses/LICENSE-2.0                   │","│ `\\ `)(' /'                                                                  │","│                                                                             │","│   Unless required by applicable law or agreed to in writing, software       │","│   distributed under the License is distributed on an \"AS IS\" BASIS,         │","│   WITHOUT WARRANTIES OR CONDITIONS OF ANY KIND, either express or implied.  │","│   See the License for the specific language governing permissions and       │","│   limitations under the License.                                            │","\\*───────────────────────────────────────────────────────────────────────────*/","'use strict';","","var Url = require('url');","var Http = require('http');","var Hapi = require('hapi');","var Hoek = require('hoek');","var Zlib = require('zlib');","var Wreck = require('wreck');","var Https = require('https');","var Util = require('../util');","var ContentType = require('content-type');","","require('tls').SLAB_BUFFER_SIZE = 200 * 1024;","","Http.globalAgent.maxSockets = Https.globalAgent.maxSockets  = Infinity;","Https.globalAgent.ciphers = 'ALL:!aNULL:!eNULL:!DH:!ECDH:!MD5';","","","var proto = {","","    proxy: function (req, reply) {","        var self, registry, removeAuth, start;","","        self = this;","        registry = this.registry;","        removeAuth = !this.isFirst;","        start = Date.now();","","        reply.proxy({","            mapUri: function (request, callback) {","                var resource, options;","","                resource = Url.resolve(registry, request.url.path.substring(1));","                options = Url.parse(resource);","                options.method = request.method.toLowerCase();","                options.rejectUnauthorized = false;","","                // Copy headers, deleting host. The correct host header (different from","                // this host) is automatically added by node http internals.","                options.headers = Hoek.clone(request.raw.req.headers);","                delete options.headers.host;","","                // remove the x-forwarded-proto header because the couchapp doesn't","                // handle proto chains (i.e., \"https, http\").","                if (options.headers['x-forwarded-proto']) {","                    delete options.headers['x-forwarded-proto'];","                }","","                // HACK: Only ever send auth to first server.","                // This is a unique situation where, for writes we ONLY go to a single","                // repo so this is a noop, but for GETs we fallback to others. If we","                // fallback, we don't want our Basic auth headers sent to downstream","                // services since 1) they won't be of any use, and 2) they expose us.","                if (removeAuth) {","                    delete options.headers.authorization;","                }","","                callback(null, options.format(), options.headers);","            },","            onResponse: function (error, res, request, reply) {","                var good, end;","","                if (good = request.server.plugins.good) {","                    // The good plugin is available, so report custom `proxy` events.","                    // NOTE: using the `proxy` event type with reporters that cannot","                    // handle arbitrary event types will fail with errors.","                    end = Date.now();","                    good.monitor.emit('report', 'proxy', {","                        timestamp: end,","                        event: 'proxy',","                        duration: end - start,","                        method: request.method,","                        registry: Url.parse(registry).host,","                        path: request.path,","                        statusCode: res ? res.statusCode : -1,","                        id: request.id,","                        tags: 'proxy',","                        data: {}","                    });","                }","","                self._onResponse.apply(self, arguments);","            },","            timeout: 20000","        });","    },","","    _onResponse: function (error, res, request, reply) {","        var self, response, contentType;","","        if (error) {","            // Ensure any necessary socket cleanup is done.","            res && res.socket && res.socket.destroy();","            this.onComplete(error);","            return;","        }","","        if (!this.isLast && res.statusCode === 404) {","            // This particular response has been deemed unnecessary","            // so discard it and move on.","            res.socket && res.socket.destroy();","            this.onComplete();","            return;","        }","","        self = this;","        response = request.raw.res;","        response.once('error', this.onComplete);","        response.once('finish', this.onComplete);","","        contentType = res.headers['content-type'];","        contentType = contentType && ContentType.parse(contentType).type; // lol","","        if (contentType === 'application/octet-stream') {","            self._respond(res, res, reply);","        } else {","            Wreck.read(res, {}, function (err, payload) {","                var response;","","                function onError(err) {","                    err = Hapi.error.wrap(err);","                    err.output.headers['x-registry'] = self.registry;","                    reply(err);","                }","","                function handleResponse(err, payload) {","                    var contentType, mime;","","                    if (err) {","                        return onError(err);","                    }","","                    ","                    if (payload.length !== 0) {","                        contentType = (res.headers && res.headers['content-type']) || '';","                        mime = contentType.split(';')[0].trim().toLowerCase();","                        if (/^application\\/[a-z.+-]*json$/.test(mime)) {","                            try {","                                payload = JSON.parse(payload.toString());","                            } catch (err) {","                                return onError(err);","                            }","                        }","                    } else {","                        payload = null;","                    }","","                    self._respond(payload, res, reply);","                }","","                if (res.headers['content-encoding'] === 'gzip') {","                    Zlib.gunzip(payload, handleResponse);","                } else {","                    handleResponse(err, payload);","                }","            });","        }","    },","","    _respond: function (obj, res, reply) {","        var response = reply(obj).code(res.statusCode);","        response.header('x-registry', this.registry);","","        Object.keys(res.headers)","            .filter(Util.isValidHeader)","            .forEach(function (key) {","                response.header(key, res.headers[key]);","            });","","        return response;","    },","","","    get isFirst() {","        return this.index === 0;","    },","","","    get isLast() {","        return this.index === this.registries.length - 1;","    }","};","","","exports.create = function (item, index, items) {","","    return Object.create(proto, {","","        registry: {","            value: item,","            enumerable: true","        },","","        index: {","            value: index,","            enumerable: true","        },","","        registries: {","            value: items,","            enumerable: true","        },","","        onComplete: {","            value: undefined,","            writable: true,","            enumerable: true","        }","","    });","","};",""],"l":{"20":1,"21":1,"22":1,"23":1,"24":1,"25":1,"26":1,"27":1,"28":1,"30":1,"32":1,"33":1,"36":1,"39":0,"41":0,"42":0,"43":0,"44":0,"46":0,"48":0,"50":0,"51":0,"52":0,"53":0,"57":0,"58":0,"62":0,"63":0,"71":0,"72":0,"75":0,"78":0,"80":0,"84":0,"85":0,"99":0,"106":0,"108":0,"110":0,"111":0,"112":0,"115":0,"118":0,"119":0,"120":0,"123":0,"124":0,"125":0,"126":0,"128":0,"129":0,"131":0,"132":0,"134":0,"135":0,"137":1,"138":0,"139":0,"140":0,"143":1,"144":0,"146":0,"147":0,"151":0,"152":0,"153":0,"154":0,"155":0,"156":0,"158":0,"162":0,"165":0,"168":0,"169":0,"171":0,"178":0,"179":0,"181":0,"184":0,"187":0,"192":0,"197":0,"202":1,"204":0}}}